# JRE version: OpenJDK Runtime Environment (8.0_242-b01) (build 1.8.0_242-release-1644-b01)
# Java VM: OpenJDK 64-Bit Server VM (25.242-b01 mixed mode windows-amd64 compressed oops)
Heap:
 PSYoungGen      total 189952K, used 42462K [0x00000000e0000000, 0x00000000ecd00000, 0x0000000100000000)
  eden space 171008K, 24% used [0x00000000e0000000,0x00000000e2977948,0x00000000ea700000)
  from space 18944K, 0% used [0x00000000ea700000,0x00000000ea700000,0x00000000eb980000)
  to   space 13824K, 0% used [0x00000000eb980000,0x00000000eb980000,0x00000000ec700000)
 ParOldGen       total 74240K, used 31583K [0x00000000a0000000, 0x00000000a4880000, 0x00000000e0000000)
  object space 74240K, 42% used [0x00000000a0000000,0x00000000a1ed7d50,0x00000000a4880000)
 Metaspace       used 59835K, capacity 62212K, committed 62336K, reserved 1103872K
  class space    used 8260K, capacity 8831K, committed 8832K, reserved 1048576K
GC Heap History (10 events):
Event: 34.701 GC heap before
{Heap before GC invocations=12 (full 2):
 PSYoungGen      total 139776K, used 9410K [0x00000000e0000000, 0x00000000eaf00000, 0x0000000100000000)
  eden space 128000K, 0% used [0x00000000e0000000,0x00000000e0000000,0x00000000e7d00000)
  from space 11776K, 79% used [0x00000000e8980000,0x00000000e92b0830,0x00000000e9500000)
  to   space 12800K, 0% used [0x00000000e7d00000,0x00000000e7d00000,0x00000000e8980000)
 ParOldGen       total 33792K, used 12988K [0x00000000a0000000, 0x00000000a2100000, 0x00000000e0000000)
  object space 33792K, 38% used [0x00000000a0000000,0x00000000a0caf248,0x00000000a2100000)
 Metaspace       used 34150K, capacity 35272K, committed 35416K, reserved 1079296K
  class space    used 4701K, capacity 5001K, committed 5120K, reserved 1048576K
Event: 35.471 GC heap after
Heap after GC invocations=12 (full 2):
 PSYoungGen      total 139776K, used 0K [0x00000000e0000000, 0x00000000eaf00000, 0x0000000100000000)
  eden space 128000K, 0% used [0x00000000e0000000,0x00000000e0000000,0x00000000e7d00000)
  from space 11776K, 0% used [0x00000000e8980000,0x00000000e8980000,0x00000000e9500000)
  to   space 12800K, 0% used [0x00000000e7d00000,0x00000000e7d00000,0x00000000e8980000)
 ParOldGen       total 47104K, used 16880K [0x00000000a0000000, 0x00000000a2e00000, 0x00000000e0000000)
  object space 47104K, 35% used [0x00000000a0000000,0x00000000a107c108,0x00000000a2e00000)
 Metaspace       used 34150K, capacity 35272K, committed 35416K, reserved 1079296K
  class space    used 4701K, capacity 5001K, committed 5120K, reserved 1048576K
}
Event: 49.521 GC heap before
{Heap before GC invocations=13 (full 2):
 PSYoungGen      total 139776K, used 128000K [0x00000000e0000000, 0x00000000eaf00000, 0x0000000100000000)
  eden space 128000K, 100% used [0x00000000e0000000,0x00000000e7d00000,0x00000000e7d00000)
  from space 11776K, 0% used [0x00000000e8980000,0x00000000e8980000,0x00000000e9500000)
  to   space 12800K, 0% used [0x00000000e7d00000,0x00000000e7d00000,0x00000000e8980000)
 ParOldGen       total 47104K, used 16880K [0x00000000a0000000, 0x00000000a2e00000, 0x00000000e0000000)
  object space 47104K, 35% used [0x00000000a0000000,0x00000000a107c108,0x00000000a2e00000)
 Metaspace       used 40910K, capacity 42654K, committed 43008K, reserved 1085440K
  class space    used 5599K, capacity 6050K, committed 6144K, reserved 1048576K
Event: 49.690 GC heap after
Heap after GC invocations=13 (full 2):
 PSYoungGen      total 140800K, used 10743K [0x00000000e0000000, 0x00000000ec700000, 0x0000000100000000)
  eden space 128000K, 0% used [0x00000000e0000000,0x00000000e0000000,0x00000000e7d00000)
  from space 12800K, 83% used [0x00000000e7d00000,0x00000000e877de40,0x00000000e8980000)
  to   space 13824K, 0% used [0x00000000eb980000,0x00000000eb980000,0x00000000ec700000)
 ParOldGen       total 47104K, used 16888K [0x00000000a0000000, 0x00000000a2e00000, 0x00000000e0000000)
  object space 47104K, 35% used [0x00000000a0000000,0x00000000a107e108,0x00000000a2e00000)
 Metaspace       used 40910K, capacity 42654K, committed 43008K, reserved 1085440K
  class space    used 5599K, capacity 6050K, committed 6144K, reserved 1048576K
}
Event: 59.219 GC heap before
{Heap before GC invocations=14 (full 2):
 PSYoungGen      total 140800K, used 138743K [0x00000000e0000000, 0x00000000ec700000, 0x0000000100000000)
  eden space 128000K, 100% used [0x00000000e0000000,0x00000000e7d00000,0x00000000e7d00000)
  from space 12800K, 83% used [0x00000000e7d00000,0x00000000e877de40,0x00000000e8980000)
  to   space 13824K, 0% used [0x00000000eb980000,0x00000000eb980000,0x00000000ec700000)
 ParOldGen       total 47104K, used 16888K [0x00000000a0000000, 0x00000000a2e00000, 0x00000000e0000000)
  object space 47104K, 35% used [0x00000000a0000000,0x00000000a107e108,0x00000000a2e00000)
 Metaspace       used 52508K, capacity 54580K, committed 54656K, reserved 1095680K
  class space    used 7006K, capacity 7482K, committed 7552K, reserved 1048576K
Event: 59.358 GC heap after
Heap after GC invocations=14 (full 2):
 PSYoungGen      total 184832K, used 13797K [0x00000000e0000000, 0x00000000ecd00000, 0x0000000100000000)
  eden space 171008K, 0% used [0x00000000e0000000,0x00000000e0000000,0x00000000ea700000)
  from space 13824K, 99% used [0x00000000eb980000,0x00000000ec6f9588,0x00000000ec700000)
  to   space 18944K, 0% used [0x00000000ea700000,0x00000000ea700000,0x00000000eb980000)
 ParOldGen       total 47104K, used 24485K [0x00000000a0000000, 0x00000000a2e00000, 0x00000000e0000000)
  object space 47104K, 51% used [0x00000000a0000000,0x00000000a17e9600,0x00000000a2e00000)
 Metaspace       used 52508K, capacity 54580K, committed 54656K, reserved 1095680K
  class space    used 7006K, capacity 7482K, committed 7552K, reserved 1048576K
}
Event: 63.328 GC heap before
{Heap before GC invocations=15 (full 2):
 PSYoungGen      total 184832K, used 60744K [0x00000000e0000000, 0x00000000ecd00000, 0x0000000100000000)
  eden space 171008K, 27% used [0x00000000e0000000,0x00000000e2dd8e18,0x00000000ea700000)
  from space 13824K, 99% used [0x00000000eb980000,0x00000000ec6f9588,0x00000000ec700000)
  to   space 18944K, 0% used [0x00000000ea700000,0x00000000ea700000,0x00000000eb980000)
 ParOldGen       total 47104K, used 24485K [0x00000000a0000000, 0x00000000a2e00000, 0x00000000e0000000)
  object space 47104K, 51% used [0x00000000a0000000,0x00000000a17e9600,0x00000000a2e00000)
 Metaspace       used 56581K, capacity 58912K, committed 59008K, reserved 1099776K
  class space    used 7721K, capacity 8281K, committed 8320K, reserved 1048576K
Event: 63.543 GC heap after
Heap after GC invocations=15 (full 2):
 PSYoungGen      total 189952K, used 5322K [0x00000000e0000000, 0x00000000ecd00000, 0x0000000100000000)
  eden space 171008K, 0% used [0x00000000e0000000,0x00000000e0000000,0x00000000ea700000)
  from space 18944K, 28% used [0x00000000ea700000,0x00000000eac32808,0x00000000eb980000)
  to   space 13824K, 0% used [0x00000000eb980000,0x00000000eb980000,0x00000000ec700000)
 ParOldGen       total 47104K, used 33649K [0x00000000a0000000, 0x00000000a2e00000, 0x00000000e0000000)
  object space 47104K, 71% used [0x00000000a0000000,0x00000000a20dc798,0x00000000a2e00000)
 Metaspace       used 56581K, capacity 58912K, committed 59008K, reserved 1099776K
  class space    used 7721K, capacity 8281K, committed 8320K, reserved 1048576K
}
Event: 63.543 GC heap before
{Heap before GC invocations=16 (full 3):
 PSYoungGen      total 189952K, used 5322K [0x00000000e0000000, 0x00000000ecd00000, 0x0000000100000000)
  eden space 171008K, 0% used [0x00000000e0000000,0x00000000e0000000,0x00000000ea700000)
  from space 18944K, 28% used [0x00000000ea700000,0x00000000eac32808,0x00000000eb980000)
  to   space 13824K, 0% used [0x00000000eb980000,0x00000000eb980000,0x00000000ec700000)
 ParOldGen       total 47104K, used 33649K [0x00000000a0000000, 0x00000000a2e00000, 0x00000000e0000000)
  object space 47104K, 71% used [0x00000000a0000000,0x00000000a20dc798,0x00000000a2e00000)
 Metaspace       used 56581K, capacity 58912K, committed 59008K, reserved 1099776K
  class space    used 7721K, capacity 8281K, committed 8320K, reserved 1048576K
Event: 65.247 GC heap after
Heap after GC invocations=16 (full 3):
 PSYoungGen      total 189952K, used 0K [0x00000000e0000000, 0x00000000ecd00000, 0x0000000100000000)
  eden space 171008K, 0% used [0x00000000e0000000,0x00000000e0000000,0x00000000ea700000)
  from space 18944K, 0% used [0x00000000ea700000,0x00000000ea700000,0x00000000eb980000)
  to   space 13824K, 0% used [0x00000000eb980000,0x00000000eb980000,0x00000000ec700000)
 ParOldGen       total 74240K, used 31583K [0x00000000a0000000, 0x00000000a4880000, 0x00000000e0000000)
  object space 74240K, 42% used [0x00000000a0000000,0x00000000a1ed7d50,0x00000000a4880000)
 Metaspace       used 56581K, capacity 58912K, committed 59008K, reserved 1099776K
  class space    used 7721K, capacity 8281K, committed 8320K, reserved 1048576K
}

