# JRE version: OpenJDK Runtime Environment (8.0_202-b03) (build 1.8.0_202-release-1483-b03)
# Java VM: OpenJDK 64-Bit Server VM (25.202-b03 mixed mode windows-amd64 compressed oops)
Heap:
 PSYoungGen      total 176128K, used 35462K [0x00000000e0000000, 0x00000000ece00000, 0x0000000100000000)
  eden space 161792K, 21% used [0x00000000e0000000,0x00000000e22a19e0,0x00000000e9e00000)
  from space 14336K, 0% used [0x00000000ec000000,0x00000000ec000000,0x00000000ece00000)
  to   space 24576K, 0% used [0x00000000e9e00000,0x00000000e9e00000,0x00000000eb600000)
 ParOldGen       total 135680K, used 46649K [0x00000000a0000000, 0x00000000a8480000, 0x00000000e0000000)
  object space 135680K, 34% used [0x00000000a0000000,0x00000000a2d8e5e8,0x00000000a8480000)
 Metaspace       used 82897K, capacity 85973K, committed 86104K, reserved 1126400K
  class space    used 11010K, capacity 11618K, committed 11648K, reserved 1048576K
GC Heap History (10 events):
Event: 519.906 GC heap before
{Heap before GC invocations=25 (full 5):
 PSYoungGen      total 183296K, used 10316K [0x00000000e0000000, 0x00000000ed800000, 0x0000000100000000)
  eden space 157696K, 0% used [0x00000000e0000000,0x00000000e0000000,0x00000000e9a00000)
  from space 25600K, 40% used [0x00000000ebf00000,0x00000000ec9130a8,0x00000000ed800000)
  to   space 23552K, 0% used [0x00000000e9a00000,0x00000000e9a00000,0x00000000eb100000)
 ParOldGen       total 135680K, used 62184K [0x00000000a0000000, 0x00000000a8480000, 0x00000000e0000000)
  object space 135680K, 45% used [0x00000000a0000000,0x00000000a3cba270,0x00000000a8480000)
 Metaspace       used 81502K, capacity 84232K, committed 84312K, reserved 1126400K
  class space    used 10765K, capacity 11369K, committed 11392K, reserved 1048576K
Event: 520.368 GC heap after
Heap after GC invocations=25 (full 5):
 PSYoungGen      total 183296K, used 0K [0x00000000e0000000, 0x00000000ed800000, 0x0000000100000000)
  eden space 157696K, 0% used [0x00000000e0000000,0x00000000e0000000,0x00000000e9a00000)
  from space 25600K, 0% used [0x00000000ebf00000,0x00000000ebf00000,0x00000000ed800000)
  to   space 23552K, 0% used [0x00000000e9a00000,0x00000000e9a00000,0x00000000eb100000)
 ParOldGen       total 135680K, used 54662K [0x00000000a0000000, 0x00000000a8480000, 0x00000000e0000000)
  object space 135680K, 40% used [0x00000000a0000000,0x00000000a3561a40,0x00000000a8480000)
 Metaspace       used 81502K, capacity 84232K, committed 84312K, reserved 1124352K
  class space    used 10765K, capacity 11369K, committed 11392K, reserved 1048576K
}
Event: 520.373 GC heap before
{Heap before GC invocations=26 (full 5):
 PSYoungGen      total 183296K, used 177K [0x00000000e0000000, 0x00000000ed800000, 0x0000000100000000)
  eden space 157696K, 0% used [0x00000000e0000000,0x00000000e002c688,0x00000000e9a00000)
  from space 25600K, 0% used [0x00000000ebf00000,0x00000000ebf00000,0x00000000ed800000)
  to   space 23552K, 0% used [0x00000000e9a00000,0x00000000e9a00000,0x00000000eb100000)
 ParOldGen       total 135680K, used 54662K [0x00000000a0000000, 0x00000000a8480000, 0x00000000e0000000)
  object space 135680K, 40% used [0x00000000a0000000,0x00000000a3561a40,0x00000000a8480000)
 Metaspace       used 81503K, capacity 84232K, committed 84312K, reserved 1128448K
  class space    used 10766K, capacity 11369K, committed 11392K, reserved 1048576K
Event: 520.378 GC heap after
Heap after GC invocations=26 (full 5):
 PSYoungGen      total 181248K, used 64K [0x00000000e0000000, 0x00000000ed800000, 0x0000000100000000)
  eden space 157696K, 0% used [0x00000000e0000000,0x00000000e0000000,0x00000000e9a00000)
  from space 23552K, 0% used [0x00000000e9a00000,0x00000000e9a10000,0x00000000eb100000)
  to   space 24576K, 0% used [0x00000000ec000000,0x00000000ec000000,0x00000000ed800000)
 ParOldGen       total 135680K, used 54662K [0x00000000a0000000, 0x00000000a8480000, 0x00000000e0000000)
  object space 135680K, 40% used [0x00000000a0000000,0x00000000a3561a40,0x00000000a8480000)
 Metaspace       used 81503K, capacity 84232K, committed 84312K, reserved 1128448K
  class space    used 10766K, capacity 11369K, committed 11392K, reserved 1048576K
}
Event: 520.378 GC heap before
{Heap before GC invocations=27 (full 6):
 PSYoungGen      total 181248K, used 64K [0x00000000e0000000, 0x00000000ed800000, 0x0000000100000000)
  eden space 157696K, 0% used [0x00000000e0000000,0x00000000e0000000,0x00000000e9a00000)
  from space 23552K, 0% used [0x00000000e9a00000,0x00000000e9a10000,0x00000000eb100000)
  to   space 24576K, 0% used [0x00000000ec000000,0x00000000ec000000,0x00000000ed800000)
 ParOldGen       total 135680K, used 54662K [0x00000000a0000000, 0x00000000a8480000, 0x00000000e0000000)
  object space 135680K, 40% used [0x00000000a0000000,0x00000000a3561a40,0x00000000a8480000)
 Metaspace       used 81503K, capacity 84232K, committed 84312K, reserved 1128448K
  class space    used 10766K, capacity 11369K, committed 11392K, reserved 1048576K
Event: 520.736 GC heap after
Heap after GC invocations=27 (full 6):
 PSYoungGen      total 181248K, used 0K [0x00000000e0000000, 0x00000000ed800000, 0x0000000100000000)
  eden space 157696K, 0% used [0x00000000e0000000,0x00000000e0000000,0x00000000e9a00000)
  from space 23552K, 0% used [0x00000000e9a00000,0x00000000e9a00000,0x00000000eb100000)
  to   space 24576K, 0% used [0x00000000ec000000,0x00000000ec000000,0x00000000ed800000)
 ParOldGen       total 135680K, used 47414K [0x00000000a0000000, 0x00000000a8480000, 0x00000000e0000000)
  object space 135680K, 34% used [0x00000000a0000000,0x00000000a2e4d930,0x00000000a8480000)
 Metaspace       used 81503K, capacity 84232K, committed 84312K, reserved 1124352K
  class space    used 10766K, capacity 11369K, committed 11392K, reserved 1048576K
}
Event: 520.959 GC heap before
{Heap before GC invocations=28 (full 6):
 PSYoungGen      total 181248K, used 1815K [0x00000000e0000000, 0x00000000ed800000, 0x0000000100000000)
  eden space 157696K, 1% used [0x00000000e0000000,0x00000000e01c5f30,0x00000000e9a00000)
  from space 23552K, 0% used [0x00000000e9a00000,0x00000000e9a00000,0x00000000eb100000)
  to   space 24576K, 0% used [0x00000000ec000000,0x00000000ec000000,0x00000000ed800000)
 ParOldGen       total 135680K, used 47414K [0x00000000a0000000, 0x00000000a8480000, 0x00000000e0000000)
  object space 135680K, 34% used [0x00000000a0000000,0x00000000a2e4d930,0x00000000a8480000)
 Metaspace       used 81726K, capacity 84547K, committed 84568K, reserved 1124352K
  class space    used 10800K, capacity 11392K, committed 11392K, reserved 1048576K
Event: 520.985 GC heap after
Heap after GC invocations=28 (full 6):
 PSYoungGen      total 176128K, used 448K [0x00000000e0000000, 0x00000000ece00000, 0x0000000100000000)
  eden space 161792K, 0% used [0x00000000e0000000,0x00000000e0000000,0x00000000e9e00000)
  from space 14336K, 3% used [0x00000000ec000000,0x00000000ec070040,0x00000000ece00000)
  to   space 24576K, 0% used [0x00000000e9e00000,0x00000000e9e00000,0x00000000eb600000)
 ParOldGen       total 135680K, used 47414K [0x00000000a0000000, 0x00000000a8480000, 0x00000000e0000000)
  object space 135680K, 34% used [0x00000000a0000000,0x00000000a2e4d930,0x00000000a8480000)
 Metaspace       used 81726K, capacity 84547K, committed 84568K, reserved 1124352K
  class space    used 10800K, capacity 11392K, committed 11392K, reserved 1048576K
}
Event: 520.985 GC heap before
{Heap before GC invocations=29 (full 7):
 PSYoungGen      total 176128K, used 448K [0x00000000e0000000, 0x00000000ece00000, 0x0000000100000000)
  eden space 161792K, 0% used [0x00000000e0000000,0x00000000e0000000,0x00000000e9e00000)
  from space 14336K, 3% used [0x00000000ec000000,0x00000000ec070040,0x00000000ece00000)
  to   space 24576K, 0% used [0x00000000e9e00000,0x00000000e9e00000,0x00000000eb600000)
 ParOldGen       total 135680K, used 47414K [0x00000000a0000000, 0x00000000a8480000, 0x00000000e0000000)
  object space 135680K, 34% used [0x00000000a0000000,0x00000000a2e4d930,0x00000000a8480000)
 Metaspace       used 81726K, capacity 84547K, committed 84568K, reserved 1124352K
  class space    used 10800K, capacity 11392K, committed 11392K, reserved 1048576K
Event: 521.904 GC heap after
Heap after GC invocations=29 (full 7):
 PSYoungGen      total 176128K, used 0K [0x00000000e0000000, 0x00000000ece00000, 0x0000000100000000)
  eden space 161792K, 0% used [0x00000000e0000000,0x00000000e0000000,0x00000000e9e00000)
  from space 14336K, 0% used [0x00000000ec000000,0x00000000ec000000,0x00000000ece00000)
  to   space 24576K, 0% used [0x00000000e9e00000,0x00000000e9e00000,0x00000000eb600000)
 ParOldGen       total 135680K, used 46649K [0x00000000a0000000, 0x00000000a8480000, 0x00000000e0000000)
  object space 135680K, 34% used [0x00000000a0000000,0x00000000a2d8e5e8,0x00000000a8480000)
 Metaspace       used 81726K, capacity 84547K, committed 84568K, reserved 1124352K
  class space    used 10800K, capacity 11392K, committed 11392K, reserved 1048576K
}

