# JRE version: OpenJDK Runtime Environment (8.0_242-b01) (build 1.8.0_242-release-1644-b01)
# Java VM: OpenJDK 64-Bit Server VM (25.242-b01 mixed mode windows-amd64 compressed oops)
Heap:
 PSYoungGen      total 146944K, used 40923K [0x00000000e0000000, 0x00000000ebf80000, 0x0000000100000000)
  eden space 131584K, 31% used [0x00000000e0000000,0x00000000e27f6d20,0x00000000e8080000)
  from space 15360K, 0% used [0x00000000e8080000,0x00000000e8080000,0x00000000e8f80000)
  to   space 15360K, 0% used [0x00000000eb080000,0x00000000eb080000,0x00000000ebf80000)
 ParOldGen       total 86016K, used 33038K [0x00000000a0000000, 0x00000000a5400000, 0x00000000e0000000)
  object space 86016K, 38% used [0x00000000a0000000,0x00000000a20439d0,0x00000000a5400000)
 Metaspace       used 59744K, capacity 62240K, committed 62296K, reserved 1103872K
  class space    used 8237K, capacity 8799K, committed 8832K, reserved 1048576K
GC Heap History (10 events):
Event: 37.445 GC heap before
{Heap before GC invocations=14 (full 2):
 PSYoungGen      total 119296K, used 5846K [0x00000000e0000000, 0x00000000e8400000, 0x0000000100000000)
  eden space 110080K, 0% used [0x00000000e0000000,0x00000000e0000000,0x00000000e6b80000)
  from space 9216K, 63% used [0x00000000e7480000,0x00000000e7a35bc8,0x00000000e7d80000)
  to   space 9216K, 0% used [0x00000000e6b80000,0x00000000e6b80000,0x00000000e7480000)
 ParOldGen       total 30720K, used 14861K [0x00000000a0000000, 0x00000000a1e00000, 0x00000000e0000000)
  object space 30720K, 48% used [0x00000000a0000000,0x00000000a0e835c8,0x00000000a1e00000)
 Metaspace       used 34042K, capacity 35232K, committed 35416K, reserved 1079296K
  class space    used 4661K, capacity 4965K, committed 4992K, reserved 1048576K
Event: 38.059 GC heap after
Heap after GC invocations=14 (full 2):
 PSYoungGen      total 119296K, used 0K [0x00000000e0000000, 0x00000000e8400000, 0x0000000100000000)
  eden space 110080K, 0% used [0x00000000e0000000,0x00000000e0000000,0x00000000e6b80000)
  from space 9216K, 0% used [0x00000000e7480000,0x00000000e7480000,0x00000000e7d80000)
  to   space 9216K, 0% used [0x00000000e6b80000,0x00000000e6b80000,0x00000000e7480000)
 ParOldGen       total 52224K, used 16505K [0x00000000a0000000, 0x00000000a3300000, 0x00000000e0000000)
  object space 52224K, 31% used [0x00000000a0000000,0x00000000a101e7b0,0x00000000a3300000)
 Metaspace       used 34042K, capacity 35232K, committed 35416K, reserved 1079296K
  class space    used 4661K, capacity 4965K, committed 4992K, reserved 1048576K
}
Event: 60.298 GC heap before
{Heap before GC invocations=15 (full 2):
 PSYoungGen      total 119296K, used 110080K [0x00000000e0000000, 0x00000000e8400000, 0x0000000100000000)
  eden space 110080K, 100% used [0x00000000e0000000,0x00000000e6b80000,0x00000000e6b80000)
  from space 9216K, 0% used [0x00000000e7480000,0x00000000e7480000,0x00000000e7d80000)
  to   space 9216K, 0% used [0x00000000e6b80000,0x00000000e6b80000,0x00000000e7480000)
 ParOldGen       total 52224K, used 16505K [0x00000000a0000000, 0x00000000a3300000, 0x00000000e0000000)
  object space 52224K, 31% used [0x00000000a0000000,0x00000000a101e7b0,0x00000000a3300000)
 Metaspace       used 38893K, capacity 40626K, committed 40920K, reserved 1085440K
  class space    used 5344K, capacity 5780K, committed 5888K, reserved 1048576K
Event: 60.407 GC heap after
Heap after GC invocations=15 (full 2):
 PSYoungGen      total 119296K, used 9196K [0x00000000e0000000, 0x00000000e9a00000, 0x0000000100000000)
  eden space 110080K, 0% used [0x00000000e0000000,0x00000000e0000000,0x00000000e6b80000)
  from space 9216K, 99% used [0x00000000e6b80000,0x00000000e747b218,0x00000000e7480000)
  to   space 10752K, 0% used [0x00000000e8f80000,0x00000000e8f80000,0x00000000e9a00000)
 ParOldGen       total 52224K, used 16513K [0x00000000a0000000, 0x00000000a3300000, 0x00000000e0000000)
  object space 52224K, 31% used [0x00000000a0000000,0x00000000a10207b0,0x00000000a3300000)
 Metaspace       used 38893K, capacity 40626K, committed 40920K, reserved 1085440K
  class space    used 5344K, capacity 5780K, committed 5888K, reserved 1048576K
}
Event: 74.070 GC heap before
{Heap before GC invocations=16 (full 2):
 PSYoungGen      total 119296K, used 119276K [0x00000000e0000000, 0x00000000e9a00000, 0x0000000100000000)
  eden space 110080K, 100% used [0x00000000e0000000,0x00000000e6b80000,0x00000000e6b80000)
  from space 9216K, 99% used [0x00000000e6b80000,0x00000000e747b218,0x00000000e7480000)
  to   space 10752K, 0% used [0x00000000e8f80000,0x00000000e8f80000,0x00000000e9a00000)
 ParOldGen       total 52224K, used 16513K [0x00000000a0000000, 0x00000000a3300000, 0x00000000e0000000)
  object space 52224K, 31% used [0x00000000a0000000,0x00000000a10207b0,0x00000000a3300000)
 Metaspace       used 50784K, capacity 52730K, committed 53080K, reserved 1095680K
  class space    used 6762K, capacity 7213K, committed 7296K, reserved 1048576K
Event: 74.261 GC heap after
Heap after GC invocations=16 (full 2):
 PSYoungGen      total 142336K, used 10732K [0x00000000e0000000, 0x00000000ea200000, 0x0000000100000000)
  eden space 131584K, 0% used [0x00000000e0000000,0x00000000e0000000,0x00000000e8080000)
  from space 10752K, 99% used [0x00000000e8f80000,0x00000000e99fb320,0x00000000e9a00000)
  to   space 15360K, 0% used [0x00000000e8080000,0x00000000e8080000,0x00000000e8f80000)
 ParOldGen       total 52224K, used 24660K [0x00000000a0000000, 0x00000000a3300000, 0x00000000e0000000)
  object space 52224K, 47% used [0x00000000a0000000,0x00000000a1815388,0x00000000a3300000)
 Metaspace       used 50784K, capacity 52730K, committed 53080K, reserved 1095680K
  class space    used 6762K, capacity 7213K, committed 7296K, reserved 1048576K
}
Event: 80.962 GC heap before
{Heap before GC invocations=17 (full 2):
 PSYoungGen      total 142336K, used 90801K [0x00000000e0000000, 0x00000000ea200000, 0x0000000100000000)
  eden space 131584K, 60% used [0x00000000e0000000,0x00000000e4e312e8,0x00000000e8080000)
  from space 10752K, 99% used [0x00000000e8f80000,0x00000000e99fb320,0x00000000e9a00000)
  to   space 15360K, 0% used [0x00000000e8080000,0x00000000e8080000,0x00000000e8f80000)
 ParOldGen       total 52224K, used 24660K [0x00000000a0000000, 0x00000000a3300000, 0x00000000e0000000)
  object space 52224K, 47% used [0x00000000a0000000,0x00000000a1815388,0x00000000a3300000)
 Metaspace       used 56551K, capacity 58882K, committed 58968K, reserved 1099776K
  class space    used 7703K, capacity 8248K, committed 8320K, reserved 1048576K
Event: 81.206 GC heap after
Heap after GC invocations=17 (full 2):
 PSYoungGen      total 146944K, used 9296K [0x00000000e0000000, 0x00000000ebf80000, 0x0000000100000000)
  eden space 131584K, 0% used [0x00000000e0000000,0x00000000e0000000,0x00000000e8080000)
  from space 15360K, 60% used [0x00000000e8080000,0x00000000e8994048,0x00000000e8f80000)
  to   space 15360K, 0% used [0x00000000eb080000,0x00000000eb080000,0x00000000ebf80000)
 ParOldGen       total 52224K, used 35297K [0x00000000a0000000, 0x00000000a3300000, 0x00000000e0000000)
  object space 52224K, 67% used [0x00000000a0000000,0x00000000a2278650,0x00000000a3300000)
 Metaspace       used 56551K, capacity 58882K, committed 58968K, reserved 1099776K
  class space    used 7703K, capacity 8248K, committed 8320K, reserved 1048576K
}
Event: 81.206 GC heap before
{Heap before GC invocations=18 (full 3):
 PSYoungGen      total 146944K, used 9296K [0x00000000e0000000, 0x00000000ebf80000, 0x0000000100000000)
  eden space 131584K, 0% used [0x00000000e0000000,0x00000000e0000000,0x00000000e8080000)
  from space 15360K, 60% used [0x00000000e8080000,0x00000000e8994048,0x00000000e8f80000)
  to   space 15360K, 0% used [0x00000000eb080000,0x00000000eb080000,0x00000000ebf80000)
 ParOldGen       total 52224K, used 35297K [0x00000000a0000000, 0x00000000a3300000, 0x00000000e0000000)
  object space 52224K, 67% used [0x00000000a0000000,0x00000000a2278650,0x00000000a3300000)
 Metaspace       used 56551K, capacity 58882K, committed 58968K, reserved 1099776K
  class space    used 7703K, capacity 8248K, committed 8320K, reserved 1048576K
Event: 83.540 GC heap after
Heap after GC invocations=18 (full 3):
 PSYoungGen      total 146944K, used 0K [0x00000000e0000000, 0x00000000ebf80000, 0x0000000100000000)
  eden space 131584K, 0% used [0x00000000e0000000,0x00000000e0000000,0x00000000e8080000)
  from space 15360K, 0% used [0x00000000e8080000,0x00000000e8080000,0x00000000e8f80000)
  to   space 15360K, 0% used [0x00000000eb080000,0x00000000eb080000,0x00000000ebf80000)
 ParOldGen       total 86016K, used 33038K [0x00000000a0000000, 0x00000000a5400000, 0x00000000e0000000)
  object space 86016K, 38% used [0x00000000a0000000,0x00000000a20439d0,0x00000000a5400000)
 Metaspace       used 56551K, capacity 58882K, committed 58968K, reserved 1099776K
  class space    used 7703K, capacity 8248K, committed 8320K, reserved 1048576K
}

