# JRE version: OpenJDK Runtime Environment (8.0_202-b03) (build 1.8.0_202-release-1483-b03)
# Java VM: OpenJDK 64-Bit Server VM (25.202-b03 mixed mode windows-amd64 compressed oops)
Heap:
 PSYoungGen      total 114176K, used 54550K [0x00000000e0000000, 0x00000000e9200000, 0x0000000100000000)
  eden space 105472K, 43% used [0x00000000e0000000,0x00000000e2cc6410,0x00000000e6700000)
  from space 8704K, 99% used [0x00000000e6700000,0x00000000e6f7f7d8,0x00000000e6f80000)
  to   space 11264K, 0% used [0x00000000e8700000,0x00000000e8700000,0x00000000e9200000)
 ParOldGen       total 36352K, used 13152K [0x00000000a0000000, 0x00000000a2380000, 0x00000000e0000000)
  object space 36352K, 36% used [0x00000000a0000000,0x00000000a0cd8190,0x00000000a2380000)
 Metaspace       used 33577K, capacity 34186K, committed 34560K, reserved 1079296K
  class space    used 4610K, capacity 4824K, committed 4864K, reserved 1048576K
GC Heap History (10 events):
Event: 86.111 GC heap before
{Heap before GC invocations=6 (full 0):
 PSYoungGen      total 28672K, used 28672K [0x00000000e0000000, 0x00000000e3f00000, 0x0000000100000000)
  eden space 26624K, 100% used [0x00000000e0000000,0x00000000e1a00000,0x00000000e1a00000)
  from space 2048K, 100% used [0x00000000e1a00000,0x00000000e1c00000,0x00000000e1c00000)
  to   space 5632K, 0% used [0x00000000e3980000,0x00000000e3980000,0x00000000e3f00000)
 ParOldGen       total 35840K, used 5445K [0x00000000a0000000, 0x00000000a2300000, 0x00000000e0000000)
  object space 35840K, 15% used [0x00000000a0000000,0x00000000a0551658,0x00000000a2300000)
 Metaspace       used 14238K, capacity 14656K, committed 14976K, reserved 1062912K
  class space    used 1972K, capacity 2094K, committed 2176K, reserved 1048576K
Event: 86.376 GC heap after
Heap after GC invocations=6 (full 0):
 PSYoungGen      total 58368K, used 4964K [0x00000000e0000000, 0x00000000e4000000, 0x0000000100000000)
  eden space 52736K, 0% used [0x00000000e0000000,0x00000000e0000000,0x00000000e3380000)
  from space 5632K, 88% used [0x00000000e3980000,0x00000000e3e59330,0x00000000e3f00000)
  to   space 6144K, 0% used [0x00000000e3380000,0x00000000e3380000,0x00000000e3980000)
 ParOldGen       total 35840K, used 5453K [0x00000000a0000000, 0x00000000a2300000, 0x00000000e0000000)
  object space 35840K, 15% used [0x00000000a0000000,0x00000000a0553658,0x00000000a2300000)
 Metaspace       used 14238K, capacity 14656K, committed 14976K, reserved 1062912K
  class space    used 1972K, capacity 2094K, committed 2176K, reserved 1048576K
}
Event: 129.833 GC heap before
{Heap before GC invocations=7 (full 0):
 PSYoungGen      total 58368K, used 57700K [0x00000000e0000000, 0x00000000e4000000, 0x0000000100000000)
  eden space 52736K, 100% used [0x00000000e0000000,0x00000000e3380000,0x00000000e3380000)
  from space 5632K, 88% used [0x00000000e3980000,0x00000000e3e59330,0x00000000e3f00000)
  to   space 6144K, 0% used [0x00000000e3380000,0x00000000e3380000,0x00000000e3980000)
 ParOldGen       total 35840K, used 5453K [0x00000000a0000000, 0x00000000a2300000, 0x00000000e0000000)
  object space 35840K, 15% used [0x00000000a0000000,0x00000000a0553658,0x00000000a2300000)
 Metaspace       used 18636K, capacity 19162K, committed 19328K, reserved 1064960K
  class space    used 2692K, capacity 2889K, committed 2944K, reserved 1048576K
Event: 130.352 GC heap after
Heap after GC invocations=7 (full 0):
 PSYoungGen      total 58880K, used 6119K [0x00000000e0000000, 0x00000000e7800000, 0x0000000100000000)
  eden space 52736K, 0% used [0x00000000e0000000,0x00000000e0000000,0x00000000e3380000)
  from space 6144K, 99% used [0x00000000e3380000,0x00000000e3979cf8,0x00000000e3980000)
  to   space 8704K, 0% used [0x00000000e6f80000,0x00000000e6f80000,0x00000000e7800000)
 ParOldGen       total 35840K, used 8051K [0x00000000a0000000, 0x00000000a2300000, 0x00000000e0000000)
  object space 35840K, 22% used [0x00000000a0000000,0x00000000a07dcd10,0x00000000a2300000)
 Metaspace       used 18636K, capacity 19162K, committed 19328K, reserved 1064960K
  class space    used 2692K, capacity 2889K, committed 2944K, reserved 1048576K
}
Event: 160.534 GC heap before
{Heap before GC invocations=8 (full 0):
 PSYoungGen      total 58880K, used 25307K [0x00000000e0000000, 0x00000000e7800000, 0x0000000100000000)
  eden space 52736K, 36% used [0x00000000e0000000,0x00000000e12bd1c8,0x00000000e3380000)
  from space 6144K, 99% used [0x00000000e3380000,0x00000000e3979cf8,0x00000000e3980000)
  to   space 8704K, 0% used [0x00000000e6f80000,0x00000000e6f80000,0x00000000e7800000)
 ParOldGen       total 35840K, used 8051K [0x00000000a0000000, 0x00000000a2300000, 0x00000000e0000000)
  object space 35840K, 22% used [0x00000000a0000000,0x00000000a07dcd10,0x00000000a2300000)
 Metaspace       used 20713K, capacity 21150K, committed 21296K, reserved 1067008K
  class space    used 2962K, capacity 3119K, committed 3200K, reserved 1048576K
Event: 161.156 GC heap after
Heap after GC invocations=8 (full 0):
 PSYoungGen      total 114176K, used 6116K [0x00000000e0000000, 0x00000000e7800000, 0x0000000100000000)
  eden space 105472K, 0% used [0x00000000e0000000,0x00000000e0000000,0x00000000e6700000)
  from space 8704K, 70% used [0x00000000e6f80000,0x00000000e7579310,0x00000000e7800000)
  to   space 8704K, 0% used [0x00000000e6700000,0x00000000e6700000,0x00000000e6f80000)
 ParOldGen       total 35840K, used 8347K [0x00000000a0000000, 0x00000000a2300000, 0x00000000e0000000)
  object space 35840K, 23% used [0x00000000a0000000,0x00000000a0826d10,0x00000000a2300000)
 Metaspace       used 20713K, capacity 21150K, committed 21296K, reserved 1067008K
  class space    used 2962K, capacity 3119K, committed 3200K, reserved 1048576K
}
Event: 161.156 GC heap before
{Heap before GC invocations=9 (full 1):
 PSYoungGen      total 114176K, used 6116K [0x00000000e0000000, 0x00000000e7800000, 0x0000000100000000)
  eden space 105472K, 0% used [0x00000000e0000000,0x00000000e0000000,0x00000000e6700000)
  from space 8704K, 70% used [0x00000000e6f80000,0x00000000e7579310,0x00000000e7800000)
  to   space 8704K, 0% used [0x00000000e6700000,0x00000000e6700000,0x00000000e6f80000)
 ParOldGen       total 35840K, used 8347K [0x00000000a0000000, 0x00000000a2300000, 0x00000000e0000000)
  object space 35840K, 23% used [0x00000000a0000000,0x00000000a0826d10,0x00000000a2300000)
 Metaspace       used 20713K, capacity 21150K, committed 21296K, reserved 1067008K
  class space    used 2962K, capacity 3119K, committed 3200K, reserved 1048576K
Event: 165.111 GC heap after
Heap after GC invocations=9 (full 1):
 PSYoungGen      total 114176K, used 0K [0x00000000e0000000, 0x00000000e7800000, 0x0000000100000000)
  eden space 105472K, 0% used [0x00000000e0000000,0x00000000e0000000,0x00000000e6700000)
  from space 8704K, 0% used [0x00000000e6f80000,0x00000000e6f80000,0x00000000e7800000)
  to   space 8704K, 0% used [0x00000000e6700000,0x00000000e6700000,0x00000000e6f80000)
 ParOldGen       total 36352K, used 10723K [0x00000000a0000000, 0x00000000a2380000, 0x00000000e0000000)
  object space 36352K, 29% used [0x00000000a0000000,0x00000000a0a78fb8,0x00000000a2380000)
 Metaspace       used 20713K, capacity 21150K, committed 21296K, reserved 1067008K
  class space    used 2962K, capacity 3119K, committed 3200K, reserved 1048576K
}
Event: 245.503 GC heap before
{Heap before GC invocations=10 (full 1):
 PSYoungGen      total 114176K, used 105472K [0x00000000e0000000, 0x00000000e7800000, 0x0000000100000000)
  eden space 105472K, 100% used [0x00000000e0000000,0x00000000e6700000,0x00000000e6700000)
  from space 8704K, 0% used [0x00000000e6f80000,0x00000000e6f80000,0x00000000e7800000)
  to   space 8704K, 0% used [0x00000000e6700000,0x00000000e6700000,0x00000000e6f80000)
 ParOldGen       total 36352K, used 10723K [0x00000000a0000000, 0x00000000a2380000, 0x00000000e0000000)
  object space 36352K, 29% used [0x00000000a0000000,0x00000000a0a78fb8,0x00000000a2380000)
 Metaspace       used 30951K, capacity 31542K, committed 31872K, reserved 1077248K
  class space    used 4218K, capacity 4396K, committed 4480K, reserved 1048576K
Event: 246.007 GC heap after
Heap after GC invocations=10 (full 1):
 PSYoungGen      total 114176K, used 8701K [0x00000000e0000000, 0x00000000e9200000, 0x0000000100000000)
  eden space 105472K, 0% used [0x00000000e0000000,0x00000000e0000000,0x00000000e6700000)
  from space 8704K, 99% used [0x00000000e6700000,0x00000000e6f7f7d8,0x00000000e6f80000)
  to   space 11264K, 0% used [0x00000000e8700000,0x00000000e8700000,0x00000000e9200000)
 ParOldGen       total 36352K, used 13152K [0x00000000a0000000, 0x00000000a2380000, 0x00000000e0000000)
  object space 36352K, 36% used [0x00000000a0000000,0x00000000a0cd8190,0x00000000a2380000)
 Metaspace       used 30951K, capacity 31542K, committed 31872K, reserved 1077248K
  class space    used 4218K, capacity 4396K, committed 4480K, reserved 1048576K
}

