# JRE version: OpenJDK Runtime Environment (8.0_202-b03) (build 1.8.0_202-release-1483-b03)
# Java VM: OpenJDK 64-Bit Server VM (25.202-b03 mixed mode windows-amd64 compressed oops)
Heap:
 PSYoungGen      total 138240K, used 92780K [0x00000000e0000000, 0x00000000e9480000, 0x0000000100000000)
  eden space 124928K, 74% used [0x00000000e0000000,0x00000000e5a9b3f8,0x00000000e7a00000)
  from space 13312K, 0% used [0x00000000e8700000,0x00000000e8700000,0x00000000e9400000)
  to   space 13312K, 0% used [0x00000000e7a00000,0x00000000e7a00000,0x00000000e8700000)
 ParOldGen       total 62464K, used 32114K [0x00000000a0000000, 0x00000000a3d00000, 0x00000000e0000000)
  object space 62464K, 51% used [0x00000000a0000000,0x00000000a1f5cbc8,0x00000000a3d00000)
 Metaspace       used 59577K, capacity 61411K, committed 61528K, reserved 1101824K
  class space    used 8096K, capacity 8511K, committed 8576K, reserved 1048576K
GC Heap History (10 events):
Event: 81.560 GC heap before
{Heap before GC invocations=19 (full 2):
 PSYoungGen      total 84992K, used 4716K [0x00000000e0000000, 0x00000000e7500000, 0x0000000100000000)
  eden space 78848K, 0% used [0x00000000e0000000,0x00000000e0000000,0x00000000e4d00000)
  from space 6144K, 76% used [0x00000000e4d00000,0x00000000e519b268,0x00000000e5300000)
  to   space 6144K, 0% used [0x00000000e6f00000,0x00000000e6f00000,0x00000000e7500000)
 ParOldGen       total 24576K, used 13969K [0x00000000a0000000, 0x00000000a1800000, 0x00000000e0000000)
  object space 24576K, 56% used [0x00000000a0000000,0x00000000a0da4688,0x00000000a1800000)
 Metaspace       used 34700K, capacity 35388K, committed 35456K, reserved 1079296K
  class space    used 4785K, capacity 4984K, committed 4992K, reserved 1048576K
Event: 81.949 GC heap after
Heap after GC invocations=19 (full 2):
 PSYoungGen      total 84992K, used 0K [0x00000000e0000000, 0x00000000e7500000, 0x0000000100000000)
  eden space 78848K, 0% used [0x00000000e0000000,0x00000000e0000000,0x00000000e4d00000)
  from space 6144K, 0% used [0x00000000e4d00000,0x00000000e4d00000,0x00000000e5300000)
  to   space 6144K, 0% used [0x00000000e6f00000,0x00000000e6f00000,0x00000000e7500000)
 ParOldGen       total 37888K, used 16878K [0x00000000a0000000, 0x00000000a2500000, 0x00000000e0000000)
  object space 37888K, 44% used [0x00000000a0000000,0x00000000a107bb18,0x00000000a2500000)
 Metaspace       used 34700K, capacity 35388K, committed 35456K, reserved 1079296K
  class space    used 4785K, capacity 4984K, committed 4992K, reserved 1048576K
}
Event: 110.909 GC heap before
{Heap before GC invocations=20 (full 2):
 PSYoungGen      total 84992K, used 78848K [0x00000000e0000000, 0x00000000e7500000, 0x0000000100000000)
  eden space 78848K, 100% used [0x00000000e0000000,0x00000000e4d00000,0x00000000e4d00000)
  from space 6144K, 0% used [0x00000000e4d00000,0x00000000e4d00000,0x00000000e5300000)
  to   space 6144K, 0% used [0x00000000e6f00000,0x00000000e6f00000,0x00000000e7500000)
 ParOldGen       total 37888K, used 16878K [0x00000000a0000000, 0x00000000a2500000, 0x00000000e0000000)
  object space 37888K, 44% used [0x00000000a0000000,0x00000000a107bb18,0x00000000a2500000)
 Metaspace       used 43474K, capacity 44346K, committed 44544K, reserved 1087488K
  class space    used 5878K, capacity 6123K, committed 6144K, reserved 1048576K
Event: 110.946 GC heap after
Heap after GC invocations=20 (full 2):
 PSYoungGen      total 106496K, used 6124K [0x00000000e0000000, 0x00000000e7500000, 0x0000000100000000)
  eden space 100352K, 0% used [0x00000000e0000000,0x00000000e0000000,0x00000000e6200000)
  from space 6144K, 99% used [0x00000000e6f00000,0x00000000e74fb350,0x00000000e7500000)
  to   space 8704K, 0% used [0x00000000e6400000,0x00000000e6400000,0x00000000e6c80000)
 ParOldGen       total 37888K, used 21305K [0x00000000a0000000, 0x00000000a2500000, 0x00000000e0000000)
  object space 37888K, 56% used [0x00000000a0000000,0x00000000a14ce640,0x00000000a2500000)
 Metaspace       used 43474K, capacity 44346K, committed 44544K, reserved 1087488K
  class space    used 5878K, capacity 6123K, committed 6144K, reserved 1048576K
}
Event: 134.799 GC heap before
{Heap before GC invocations=21 (full 2):
 PSYoungGen      total 106496K, used 106476K [0x00000000e0000000, 0x00000000e7500000, 0x0000000100000000)
  eden space 100352K, 100% used [0x00000000e0000000,0x00000000e6200000,0x00000000e6200000)
  from space 6144K, 99% used [0x00000000e6f00000,0x00000000e74fb350,0x00000000e7500000)
  to   space 8704K, 0% used [0x00000000e6400000,0x00000000e6400000,0x00000000e6c80000)
 ParOldGen       total 37888K, used 21305K [0x00000000a0000000, 0x00000000a2500000, 0x00000000e0000000)
  object space 37888K, 56% used [0x00000000a0000000,0x00000000a14ce640,0x00000000a2500000)
 Metaspace       used 51605K, capacity 53018K, committed 53248K, reserved 1095680K
  class space    used 6984K, capacity 7388K, committed 7424K, reserved 1048576K
Event: 134.853 GC heap after
Heap after GC invocations=21 (full 2):
 PSYoungGen      total 111104K, used 8699K [0x00000000e0000000, 0x00000000e9400000, 0x0000000100000000)
  eden space 102400K, 0% used [0x00000000e0000000,0x00000000e0000000,0x00000000e6400000)
  from space 8704K, 99% used [0x00000000e6400000,0x00000000e6c7ed38,0x00000000e6c80000)
  to   space 13312K, 0% used [0x00000000e8700000,0x00000000e8700000,0x00000000e9400000)
 ParOldGen       total 37888K, used 29892K [0x00000000a0000000, 0x00000000a2500000, 0x00000000e0000000)
  object space 37888K, 78% used [0x00000000a0000000,0x00000000a1d31290,0x00000000a2500000)
 Metaspace       used 51605K, capacity 53018K, committed 53248K, reserved 1095680K
  class space    used 6984K, capacity 7388K, committed 7424K, reserved 1048576K
}
Event: 147.171 GC heap before
{Heap before GC invocations=22 (full 2):
 PSYoungGen      total 111104K, used 82974K [0x00000000e0000000, 0x00000000e9400000, 0x0000000100000000)
  eden space 102400K, 72% used [0x00000000e0000000,0x00000000e4888ac8,0x00000000e6400000)
  from space 8704K, 99% used [0x00000000e6400000,0x00000000e6c7ed38,0x00000000e6c80000)
  to   space 13312K, 0% used [0x00000000e8700000,0x00000000e8700000,0x00000000e9400000)
 ParOldGen       total 37888K, used 29892K [0x00000000a0000000, 0x00000000a2500000, 0x00000000e0000000)
  object space 37888K, 78% used [0x00000000a0000000,0x00000000a1d31290,0x00000000a2500000)
 Metaspace       used 57353K, capacity 58899K, committed 59096K, reserved 1099776K
  class space    used 7785K, capacity 8192K, committed 8192K, reserved 1048576K
Event: 147.246 GC heap after
Heap after GC invocations=22 (full 2):
 PSYoungGen      total 138240K, used 7465K [0x00000000e0000000, 0x00000000e9480000, 0x0000000100000000)
  eden space 124928K, 0% used [0x00000000e0000000,0x00000000e0000000,0x00000000e7a00000)
  from space 13312K, 56% used [0x00000000e8700000,0x00000000e8e4a450,0x00000000e9400000)
  to   space 13312K, 0% used [0x00000000e7a00000,0x00000000e7a00000,0x00000000e8700000)
 ParOldGen       total 37888K, used 34906K [0x00000000a0000000, 0x00000000a2500000, 0x00000000e0000000)
  object space 37888K, 92% used [0x00000000a0000000,0x00000000a2216b30,0x00000000a2500000)
 Metaspace       used 57353K, capacity 58899K, committed 59096K, reserved 1099776K
  class space    used 7785K, capacity 8192K, committed 8192K, reserved 1048576K
}
Event: 147.246 GC heap before
{Heap before GC invocations=23 (full 3):
 PSYoungGen      total 138240K, used 7465K [0x00000000e0000000, 0x00000000e9480000, 0x0000000100000000)
  eden space 124928K, 0% used [0x00000000e0000000,0x00000000e0000000,0x00000000e7a00000)
  from space 13312K, 56% used [0x00000000e8700000,0x00000000e8e4a450,0x00000000e9400000)
  to   space 13312K, 0% used [0x00000000e7a00000,0x00000000e7a00000,0x00000000e8700000)
 ParOldGen       total 37888K, used 34906K [0x00000000a0000000, 0x00000000a2500000, 0x00000000e0000000)
  object space 37888K, 92% used [0x00000000a0000000,0x00000000a2216b30,0x00000000a2500000)
 Metaspace       used 57353K, capacity 58899K, committed 59096K, reserved 1099776K
  class space    used 7785K, capacity 8192K, committed 8192K, reserved 1048576K
Event: 147.945 GC heap after
Heap after GC invocations=23 (full 3):
 PSYoungGen      total 138240K, used 0K [0x00000000e0000000, 0x00000000e9480000, 0x0000000100000000)
  eden space 124928K, 0% used [0x00000000e0000000,0x00000000e0000000,0x00000000e7a00000)
  from space 13312K, 0% used [0x00000000e8700000,0x00000000e8700000,0x00000000e9400000)
  to   space 13312K, 0% used [0x00000000e7a00000,0x00000000e7a00000,0x00000000e8700000)
 ParOldGen       total 62464K, used 32114K [0x00000000a0000000, 0x00000000a3d00000, 0x00000000e0000000)
  object space 62464K, 51% used [0x00000000a0000000,0x00000000a1f5cbc8,0x00000000a3d00000)
 Metaspace       used 57353K, capacity 58899K, committed 59096K, reserved 1099776K
  class space    used 7785K, capacity 8192K, committed 8192K, reserved 1048576K
}

