# JRE version: OpenJDK Runtime Environment (8.0_242-b01) (build 1.8.0_242-release-1644-b01)
# Java VM: OpenJDK 64-Bit Server VM (25.242-b01 mixed mode windows-amd64 compressed oops)
Heap:
 PSYoungGen      total 183296K, used 26328K [0x00000000e0000000, 0x00000000ed300000, 0x0000000100000000)
  eden space 168960K, 7% used [0x00000000e0000000,0x00000000e0bb6d48,0x00000000ea500000)
  from space 14336K, 99% used [0x00000000eb880000,0x00000000ec67f350,0x00000000ec680000)
  to   space 19968K, 3% used [0x00000000ea500000,0x00000000ea5a8000,0x00000000eb880000)
 ParOldGen       total 49152K, used 39107K [0x00000000a0000000, 0x00000000a3000000, 0x00000000e0000000)
  object space 49152K, 79% used [0x00000000a0000000,0x00000000a2630d58,0x00000000a3000000)
 Metaspace       used 55379K, capacity 57568K, committed 57728K, reserved 1099776K
  class space    used 7531K, capacity 8061K, committed 8064K, reserved 1048576K
GC Heap History (10 events):
Event: 16.596 GC heap after
Heap after GC invocations=10 (full 1):
 PSYoungGen      total 111104K, used 9194K [0x00000000e0000000, 0x00000000e9e80000, 0x0000000100000000)
  eden space 101888K, 0% used [0x00000000e0000000,0x00000000e0000000,0x00000000e6380000)
  from space 9216K, 99% used [0x00000000e6380000,0x00000000e6c7ab68,0x00000000e6c80000)
  to   space 11776K, 0% used [0x00000000e9300000,0x00000000e9300000,0x00000000e9e80000)
 ParOldGen       total 32256K, used 12011K [0x00000000a0000000, 0x00000000a1f80000, 0x00000000e0000000)
  object space 32256K, 37% used [0x00000000a0000000,0x00000000a0bbaeb0,0x00000000a1f80000)
 Metaspace       used 31467K, capacity 32346K, committed 32512K, reserved 1077248K
  class space    used 4271K, capacity 4500K, committed 4608K, reserved 1048576K
}
Event: 21.019 GC heap before
{Heap before GC invocations=11 (full 1):
 PSYoungGen      total 111104K, used 68301K [0x00000000e0000000, 0x00000000e9e80000, 0x0000000100000000)
  eden space 101888K, 58% used [0x00000000e0000000,0x00000000e39b89d8,0x00000000e6380000)
  from space 9216K, 99% used [0x00000000e6380000,0x00000000e6c7ab68,0x00000000e6c80000)
  to   space 11776K, 0% used [0x00000000e9300000,0x00000000e9300000,0x00000000e9e80000)
 ParOldGen       total 32256K, used 12011K [0x00000000a0000000, 0x00000000a1f80000, 0x00000000e0000000)
  object space 32256K, 37% used [0x00000000a0000000,0x00000000a0bbaeb0,0x00000000a1f80000)
 Metaspace       used 34112K, capacity 35284K, committed 35416K, reserved 1079296K
  class space    used 4683K, capacity 5001K, committed 5120K, reserved 1048576K
Event: 21.159 GC heap after
Heap after GC invocations=11 (full 1):
 PSYoungGen      total 150016K, used 9282K [0x00000000e0000000, 0x00000000ea100000, 0x0000000100000000)
  eden space 138240K, 0% used [0x00000000e0000000,0x00000000e0000000,0x00000000e8700000)
  from space 11776K, 78% used [0x00000000e9300000,0x00000000e9c10830,0x00000000e9e80000)
  to   space 12288K, 0% used [0x00000000e8700000,0x00000000e8700000,0x00000000e9300000)
 ParOldGen       total 32256K, used 12019K [0x00000000a0000000, 0x00000000a1f80000, 0x00000000e0000000)
  object space 32256K, 37% used [0x00000000a0000000,0x00000000a0bbceb0,0x00000000a1f80000)
 Metaspace       used 34112K, capacity 35284K, committed 35416K, reserved 1079296K
  class space    used 4683K, capacity 5001K, committed 5120K, reserved 1048576K
}
Event: 21.159 GC heap before
{Heap before GC invocations=12 (full 2):
 PSYoungGen      total 150016K, used 9282K [0x00000000e0000000, 0x00000000ea100000, 0x0000000100000000)
  eden space 138240K, 0% used [0x00000000e0000000,0x00000000e0000000,0x00000000e8700000)
  from space 11776K, 78% used [0x00000000e9300000,0x00000000e9c10830,0x00000000e9e80000)
  to   space 12288K, 0% used [0x00000000e8700000,0x00000000e8700000,0x00000000e9300000)
 ParOldGen       total 32256K, used 12019K [0x00000000a0000000, 0x00000000a1f80000, 0x00000000e0000000)
  object space 32256K, 37% used [0x00000000a0000000,0x00000000a0bbceb0,0x00000000a1f80000)
 Metaspace       used 34112K, capacity 35284K, committed 35416K, reserved 1079296K
  class space    used 4683K, capacity 5001K, committed 5120K, reserved 1048576K
Event: 21.532 GC heap after
Heap after GC invocations=12 (full 2):
 PSYoungGen      total 150016K, used 0K [0x00000000e0000000, 0x00000000ea100000, 0x0000000100000000)
  eden space 138240K, 0% used [0x00000000e0000000,0x00000000e0000000,0x00000000e8700000)
  from space 11776K, 0% used [0x00000000e9300000,0x00000000e9300000,0x00000000e9e80000)
  to   space 12288K, 0% used [0x00000000e8700000,0x00000000e8700000,0x00000000e9300000)
 ParOldGen       total 49152K, used 15892K [0x00000000a0000000, 0x00000000a3000000, 0x00000000e0000000)
  object space 49152K, 32% used [0x00000000a0000000,0x00000000a0f851e0,0x00000000a3000000)
 Metaspace       used 34112K, capacity 35284K, committed 35416K, reserved 1079296K
  class space    used 4683K, capacity 5001K, committed 5120K, reserved 1048576K
}
Event: 32.274 GC heap before
{Heap before GC invocations=13 (full 2):
 PSYoungGen      total 150016K, used 138240K [0x00000000e0000000, 0x00000000ea100000, 0x0000000100000000)
  eden space 138240K, 100% used [0x00000000e0000000,0x00000000e8700000,0x00000000e8700000)
  from space 11776K, 0% used [0x00000000e9300000,0x00000000e9300000,0x00000000e9e80000)
  to   space 12288K, 0% used [0x00000000e8700000,0x00000000e8700000,0x00000000e9300000)
 ParOldGen       total 49152K, used 15892K [0x00000000a0000000, 0x00000000a3000000, 0x00000000e0000000)
  object space 49152K, 32% used [0x00000000a0000000,0x00000000a0f851e0,0x00000000a3000000)
 Metaspace       used 42267K, capacity 44028K, committed 44416K, reserved 1087488K
  class space    used 5774K, capacity 6187K, committed 6272K, reserved 1048576K
Event: 32.342 GC heap after
Heap after GC invocations=13 (full 2):
 PSYoungGen      total 150528K, used 11814K [0x00000000e0000000, 0x00000000ec680000, 0x0000000100000000)
  eden space 138240K, 0% used [0x00000000e0000000,0x00000000e0000000,0x00000000e8700000)
  from space 12288K, 96% used [0x00000000e8700000,0x00000000e9289808,0x00000000e9300000)
  to   space 14336K, 0% used [0x00000000eb880000,0x00000000eb880000,0x00000000ec680000)
 ParOldGen       total 49152K, used 15900K [0x00000000a0000000, 0x00000000a3000000, 0x00000000e0000000)
  object space 49152K, 32% used [0x00000000a0000000,0x00000000a0f871e0,0x00000000a3000000)
 Metaspace       used 42267K, capacity 44028K, committed 44416K, reserved 1087488K
  class space    used 5774K, capacity 6187K, committed 6272K, reserved 1048576K
}
Event: 41.132 GC heap before
{Heap before GC invocations=14 (full 2):
 PSYoungGen      total 150528K, used 150054K [0x00000000e0000000, 0x00000000ec680000, 0x0000000100000000)
  eden space 138240K, 100% used [0x00000000e0000000,0x00000000e8700000,0x00000000e8700000)
  from space 12288K, 96% used [0x00000000e8700000,0x00000000e9289808,0x00000000e9300000)
  to   space 14336K, 0% used [0x00000000eb880000,0x00000000eb880000,0x00000000ec680000)
 ParOldGen       total 49152K, used 15900K [0x00000000a0000000, 0x00000000a3000000, 0x00000000e0000000)
  object space 49152K, 32% used [0x00000000a0000000,0x00000000a0f871e0,0x00000000a3000000)
 Metaspace       used 54561K, capacity 56730K, committed 56960K, reserved 1097728K
  class space    used 7421K, capacity 7946K, committed 8064K, reserved 1048576K
Event: 41.372 GC heap after
Heap after GC invocations=14 (full 2):
 PSYoungGen      total 183296K, used 14332K [0x00000000e0000000, 0x00000000ed300000, 0x0000000100000000)
  eden space 168960K, 0% used [0x00000000e0000000,0x00000000e0000000,0x00000000ea500000)
  from space 14336K, 99% used [0x00000000eb880000,0x00000000ec67f350,0x00000000ec680000)
  to   space 19968K, 0% used [0x00000000ea500000,0x00000000ea500000,0x00000000eb880000)
 ParOldGen       total 49152K, used 24912K [0x00000000a0000000, 0x00000000a3000000, 0x00000000e0000000)
  object space 49152K, 50% used [0x00000000a0000000,0x00000000a18542f8,0x00000000a3000000)
 Metaspace       used 54561K, capacity 56730K, committed 56960K, reserved 1097728K
  class space    used 7421K, capacity 7946K, committed 8064K, reserved 1048576K
}
Event: 41.947 GC heap before
{Heap before GC invocations=15 (full 2):
 PSYoungGen      total 183296K, used 26328K [0x00000000e0000000, 0x00000000ed300000, 0x0000000100000000)
  eden space 168960K, 7% used [0x00000000e0000000,0x00000000e0bb6d48,0x00000000ea500000)
  from space 14336K, 99% used [0x00000000eb880000,0x00000000ec67f350,0x00000000ec680000)
  to   space 19968K, 0% used [0x00000000ea500000,0x00000000ea500000,0x00000000eb880000)
 ParOldGen       total 49152K, used 24912K [0x00000000a0000000, 0x00000000a3000000, 0x00000000e0000000)
  object space 49152K, 50% used [0x00000000a0000000,0x00000000a18542f8,0x00000000a3000000)
 Metaspace       used 55379K, capacity 57568K, committed 57728K, reserved 1099776K
  class space    used 7531K, capacity 8061K, committed 8064K, reserved 1048576K

