# JRE version: OpenJDK Runtime Environment (8.0_242-b01) (build 1.8.0_242-release-1644-b01)
# Java VM: OpenJDK 64-Bit Server VM (25.242-b01 mixed mode windows-amd64 compressed oops)
Heap:
 PSYoungGen      total 187904K, used 170656K [0x00000000e0000000, 0x00000000ecd80000, 0x0000000100000000)
  eden space 174592K, 90% used [0x00000000e0000000,0x00000000e99ab1b0,0x00000000eaa80000)
  from space 13312K, 99% used [0x00000000ec080000,0x00000000ecd7cf28,0x00000000ecd80000)
  to   space 16896K, 0% used [0x00000000eac80000,0x00000000eac80000,0x00000000ebd00000)
 ParOldGen       total 78848K, used 33077K [0x00000000a0000000, 0x00000000a4d00000, 0x00000000e0000000)
  object space 78848K, 41% used [0x00000000a0000000,0x00000000a204d6d0,0x00000000a4d00000)
 Metaspace       used 68806K, capacity 71856K, committed 72064K, reserved 1112064K
  class space    used 9353K, capacity 9993K, committed 10112K, reserved 1048576K
GC Heap History (10 events):
Event: 33.618 GC heap before
{Heap before GC invocations=15 (full 2):
 PSYoungGen      total 128512K, used 119296K [0x00000000e0000000, 0x00000000e8800000, 0x0000000100000000)
  eden space 119296K, 100% used [0x00000000e0000000,0x00000000e7480000,0x00000000e7480000)
  from space 9216K, 0% used [0x00000000e7d80000,0x00000000e7d80000,0x00000000e8680000)
  to   space 9216K, 0% used [0x00000000e7480000,0x00000000e7480000,0x00000000e7d80000)
 ParOldGen       total 47616K, used 16609K [0x00000000a0000000, 0x00000000a2e80000, 0x00000000e0000000)
  object space 47616K, 34% used [0x00000000a0000000,0x00000000a10386f0,0x00000000a2e80000)
 Metaspace       used 39885K, capacity 41662K, committed 41856K, reserved 1085440K
  class space    used 5486K, capacity 5926K, committed 6016K, reserved 1048576K
Event: 33.652 GC heap after
Heap after GC invocations=15 (full 2):
 PSYoungGen      total 128512K, used 9207K [0x00000000e0000000, 0x00000000ea780000, 0x0000000100000000)
  eden space 119296K, 0% used [0x00000000e0000000,0x00000000e0000000,0x00000000e7480000)
  from space 9216K, 99% used [0x00000000e7480000,0x00000000e7d7dcf0,0x00000000e7d80000)
  to   space 10752K, 0% used [0x00000000e9d00000,0x00000000e9d00000,0x00000000ea780000)
 ParOldGen       total 47616K, used 17174K [0x00000000a0000000, 0x00000000a2e80000, 0x00000000e0000000)
  object space 47616K, 36% used [0x00000000a0000000,0x00000000a10c5bc8,0x00000000a2e80000)
 Metaspace       used 39885K, capacity 41662K, committed 41856K, reserved 1085440K
  class space    used 5486K, capacity 5926K, committed 6016K, reserved 1048576K
}
Event: 40.480 GC heap before
{Heap before GC invocations=16 (full 2):
 PSYoungGen      total 128512K, used 128503K [0x00000000e0000000, 0x00000000ea780000, 0x0000000100000000)
  eden space 119296K, 100% used [0x00000000e0000000,0x00000000e7480000,0x00000000e7480000)
  from space 9216K, 99% used [0x00000000e7480000,0x00000000e7d7dcf0,0x00000000e7d80000)
  to   space 10752K, 0% used [0x00000000e9d00000,0x00000000e9d00000,0x00000000ea780000)
 ParOldGen       total 47616K, used 17174K [0x00000000a0000000, 0x00000000a2e80000, 0x00000000e0000000)
  object space 47616K, 36% used [0x00000000a0000000,0x00000000a10c5bc8,0x00000000a2e80000)
 Metaspace       used 50747K, capacity 52790K, committed 53120K, reserved 1095680K
  class space    used 6781K, capacity 7253K, committed 7296K, reserved 1048576K
Event: 40.557 GC heap after
Heap after GC invocations=16 (full 2):
 PSYoungGen      total 155648K, used 10741K [0x00000000e0000000, 0x00000000eb100000, 0x0000000100000000)
  eden space 144896K, 0% used [0x00000000e0000000,0x00000000e0000000,0x00000000e8d80000)
  from space 10752K, 99% used [0x00000000e9d00000,0x00000000ea77d520,0x00000000ea780000)
  to   space 15872K, 0% used [0x00000000e8d80000,0x00000000e8d80000,0x00000000e9d00000)
 ParOldGen       total 47616K, used 26227K [0x00000000a0000000, 0x00000000a2e80000, 0x00000000e0000000)
  object space 47616K, 55% used [0x00000000a0000000,0x00000000a199cf90,0x00000000a2e80000)
 Metaspace       used 50747K, capacity 52790K, committed 53120K, reserved 1095680K
  class space    used 6781K, capacity 7253K, committed 7296K, reserved 1048576K
}
Event: 44.464 GC heap before
{Heap before GC invocations=17 (full 2):
 PSYoungGen      total 155648K, used 74769K [0x00000000e0000000, 0x00000000eb100000, 0x0000000100000000)
  eden space 144896K, 44% used [0x00000000e0000000,0x00000000e3e871c8,0x00000000e8d80000)
  from space 10752K, 99% used [0x00000000e9d00000,0x00000000ea77d520,0x00000000ea780000)
  to   space 15872K, 0% used [0x00000000e8d80000,0x00000000e8d80000,0x00000000e9d00000)
 ParOldGen       total 47616K, used 26227K [0x00000000a0000000, 0x00000000a2e80000, 0x00000000e0000000)
  object space 47616K, 55% used [0x00000000a0000000,0x00000000a199cf90,0x00000000a2e80000)
 Metaspace       used 56612K, capacity 58934K, committed 59008K, reserved 1099776K
  class space    used 7733K, capacity 8284K, committed 8320K, reserved 1048576K
Event: 44.519 GC heap after
Heap after GC invocations=17 (full 2):
 PSYoungGen      total 160768K, used 7763K [0x00000000e0000000, 0x00000000ecf80000, 0x0000000100000000)
  eden space 144896K, 0% used [0x00000000e0000000,0x00000000e0000000,0x00000000e8d80000)
  from space 15872K, 48% used [0x00000000e8d80000,0x00000000e9514c50,0x00000000e9d00000)
  to   space 15360K, 0% used [0x00000000ec080000,0x00000000ec080000,0x00000000ecf80000)
 ParOldGen       total 47616K, used 34568K [0x00000000a0000000, 0x00000000a2e80000, 0x00000000e0000000)
  object space 47616K, 72% used [0x00000000a0000000,0x00000000a21c23f0,0x00000000a2e80000)
 Metaspace       used 56612K, capacity 58934K, committed 59008K, reserved 1099776K
  class space    used 7733K, capacity 8284K, committed 8320K, reserved 1048576K
}
Event: 44.519 GC heap before
{Heap before GC invocations=18 (full 3):
 PSYoungGen      total 160768K, used 7763K [0x00000000e0000000, 0x00000000ecf80000, 0x0000000100000000)
  eden space 144896K, 0% used [0x00000000e0000000,0x00000000e0000000,0x00000000e8d80000)
  from space 15872K, 48% used [0x00000000e8d80000,0x00000000e9514c50,0x00000000e9d00000)
  to   space 15360K, 0% used [0x00000000ec080000,0x00000000ec080000,0x00000000ecf80000)
 ParOldGen       total 47616K, used 34568K [0x00000000a0000000, 0x00000000a2e80000, 0x00000000e0000000)
  object space 47616K, 72% used [0x00000000a0000000,0x00000000a21c23f0,0x00000000a2e80000)
 Metaspace       used 56612K, capacity 58934K, committed 59008K, reserved 1099776K
  class space    used 7733K, capacity 8284K, committed 8320K, reserved 1048576K
Event: 45.053 GC heap after
Heap after GC invocations=18 (full 3):
 PSYoungGen      total 160768K, used 0K [0x00000000e0000000, 0x00000000ecf80000, 0x0000000100000000)
  eden space 144896K, 0% used [0x00000000e0000000,0x00000000e0000000,0x00000000e8d80000)
  from space 15872K, 0% used [0x00000000e8d80000,0x00000000e8d80000,0x00000000e9d00000)
  to   space 15360K, 0% used [0x00000000ec080000,0x00000000ec080000,0x00000000ecf80000)
 ParOldGen       total 78848K, used 33069K [0x00000000a0000000, 0x00000000a4d00000, 0x00000000e0000000)
  object space 78848K, 41% used [0x00000000a0000000,0x00000000a204b6d0,0x00000000a4d00000)
 Metaspace       used 56604K, capacity 58910K, committed 59008K, reserved 1099776K
  class space    used 7730K, capacity 8280K, committed 8320K, reserved 1048576K
}
Event: 57.864 GC heap before
{Heap before GC invocations=19 (full 3):
 PSYoungGen      total 160768K, used 144896K [0x00000000e0000000, 0x00000000ecf80000, 0x0000000100000000)
  eden space 144896K, 100% used [0x00000000e0000000,0x00000000e8d80000,0x00000000e8d80000)
  from space 15872K, 0% used [0x00000000e8d80000,0x00000000e8d80000,0x00000000e9d00000)
  to   space 15360K, 0% used [0x00000000ec080000,0x00000000ec080000,0x00000000ecf80000)
 ParOldGen       total 78848K, used 33069K [0x00000000a0000000, 0x00000000a4d00000, 0x00000000e0000000)
  object space 78848K, 41% used [0x00000000a0000000,0x00000000a204b6d0,0x00000000a4d00000)
 Metaspace       used 63121K, capacity 65868K, committed 66176K, reserved 1105920K
  class space    used 8685K, capacity 9271K, committed 9344K, reserved 1048576K
Event: 57.918 GC heap after
Heap after GC invocations=19 (full 3):
 PSYoungGen      total 187904K, used 13299K [0x00000000e0000000, 0x00000000ecd80000, 0x0000000100000000)
  eden space 174592K, 0% used [0x00000000e0000000,0x00000000e0000000,0x00000000eaa80000)
  from space 13312K, 99% used [0x00000000ec080000,0x00000000ecd7cf28,0x00000000ecd80000)
  to   space 16896K, 0% used [0x00000000eac80000,0x00000000eac80000,0x00000000ebd00000)
 ParOldGen       total 78848K, used 33077K [0x00000000a0000000, 0x00000000a4d00000, 0x00000000e0000000)
  object space 78848K, 41% used [0x00000000a0000000,0x00000000a204d6d0,0x00000000a4d00000)
 Metaspace       used 63121K, capacity 65868K, committed 66176K, reserved 1105920K
  class space    used 8685K, capacity 9271K, committed 9344K, reserved 1048576K
}

