# JRE version: OpenJDK Runtime Environment (8.0_242-b01) (build 1.8.0_242-release-1644-b01)
# Java VM: OpenJDK 64-Bit Server VM (25.242-b01 mixed mode windows-amd64 compressed oops)
Heap:
 PSYoungGen      total 211968K, used 56536K [0x00000000e0000000, 0x00000000ede00000, 0x0000000100000000)
  eden space 200192K, 28% used [0x00000000e0000000,0x00000000e37363c0,0x00000000ec380000)
  from space 11776K, 0% used [0x00000000ec700000,0x00000000ec700000,0x00000000ed280000)
  to   space 8704K, 0% used [0x00000000ed580000,0x00000000ed580000,0x00000000ede00000)
 ParOldGen       total 44032K, used 43996K [0x00000000a0000000, 0x00000000a2b00000, 0x00000000e0000000)
  object space 44032K, 99% used [0x00000000a0000000,0x00000000a2af7110,0x00000000a2b00000)
 Metaspace       used 67443K, capacity 70480K, committed 70744K, reserved 1110016K
  class space    used 9196K, capacity 9845K, committed 9856K, reserved 1048576K
GC Heap History (10 events):
Event: 544.893 GC heap before
{Heap before GC invocations=11 (full 2):
 PSYoungGen      total 211968K, used 8844K [0x00000000e0000000, 0x00000000ede00000, 0x0000000100000000)
  eden space 200192K, 0% used [0x00000000e0000000,0x00000000e0000000,0x00000000ec380000)
  from space 11776K, 75% used [0x00000000ec700000,0x00000000ecfa3198,0x00000000ed280000)
  to   space 8704K, 0% used [0x00000000ed580000,0x00000000ed580000,0x00000000ede00000)
 ParOldGen       total 32256K, used 15785K [0x00000000a0000000, 0x00000000a1f80000, 0x00000000e0000000)
  object space 32256K, 48% used [0x00000000a0000000,0x00000000a0f6a608,0x00000000a1f80000)
 Metaspace       used 34045K, capacity 35232K, committed 35416K, reserved 1079296K
  class space    used 4662K, capacity 4965K, committed 4992K, reserved 1048576K
Event: 546.045 GC heap after
Heap after GC invocations=11 (full 2):
 PSYoungGen      total 211968K, used 0K [0x00000000e0000000, 0x00000000ede00000, 0x0000000100000000)
  eden space 200192K, 0% used [0x00000000e0000000,0x00000000e0000000,0x00000000ec380000)
  from space 11776K, 0% used [0x00000000ec700000,0x00000000ec700000,0x00000000ed280000)
  to   space 8704K, 0% used [0x00000000ed580000,0x00000000ed580000,0x00000000ede00000)
 ParOldGen       total 44032K, used 15201K [0x00000000a0000000, 0x00000000a2b00000, 0x00000000e0000000)
  object space 44032K, 34% used [0x00000000a0000000,0x00000000a0ed8590,0x00000000a2b00000)
 Metaspace       used 34045K, capacity 35232K, committed 35416K, reserved 1079296K
  class space    used 4662K, capacity 4965K, committed 4992K, reserved 1048576K
}
Event: 584.495 GC heap before
{Heap before GC invocations=12 (full 2):
 PSYoungGen      total 211968K, used 200192K [0x00000000e0000000, 0x00000000ede00000, 0x0000000100000000)
  eden space 200192K, 100% used [0x00000000e0000000,0x00000000ec380000,0x00000000ec380000)
  from space 11776K, 0% used [0x00000000ec700000,0x00000000ec700000,0x00000000ed280000)
  to   space 8704K, 0% used [0x00000000ed580000,0x00000000ed580000,0x00000000ede00000)
 ParOldGen       total 44032K, used 15201K [0x00000000a0000000, 0x00000000a2b00000, 0x00000000e0000000)
  object space 44032K, 34% used [0x00000000a0000000,0x00000000a0ed8590,0x00000000a2b00000)
 Metaspace       used 46138K, capacity 47876K, committed 48088K, reserved 1091584K
  class space    used 6228K, capacity 6625K, committed 6656K, reserved 1048576K
Event: 584.750 GC heap after
Heap after GC invocations=12 (full 2):
 PSYoungGen      total 208896K, used 8700K [0x00000000e0000000, 0x00000000ede00000, 0x0000000100000000)
  eden space 200192K, 0% used [0x00000000e0000000,0x00000000e0000000,0x00000000ec380000)
  from space 8704K, 99% used [0x00000000ed580000,0x00000000eddff300,0x00000000ede00000)
  to   space 11776K, 0% used [0x00000000ec700000,0x00000000ec700000,0x00000000ed280000)
 ParOldGen       total 44032K, used 24265K [0x00000000a0000000, 0x00000000a2b00000, 0x00000000e0000000)
  object space 44032K, 55% used [0x00000000a0000000,0x00000000a17b27b0,0x00000000a2b00000)
 Metaspace       used 46138K, capacity 47876K, committed 48088K, reserved 1091584K
  class space    used 6228K, capacity 6625K, committed 6656K, reserved 1048576K
}
Event: 619.749 GC heap before
{Heap before GC invocations=13 (full 2):
 PSYoungGen      total 208896K, used 134526K [0x00000000e0000000, 0x00000000ede00000, 0x0000000100000000)
  eden space 200192K, 62% used [0x00000000e0000000,0x00000000e7ae0778,0x00000000ec380000)
  from space 8704K, 99% used [0x00000000ed580000,0x00000000eddff300,0x00000000ede00000)
  to   space 11776K, 0% used [0x00000000ec700000,0x00000000ec700000,0x00000000ed280000)
 ParOldGen       total 44032K, used 24265K [0x00000000a0000000, 0x00000000a2b00000, 0x00000000e0000000)
  object space 44032K, 55% used [0x00000000a0000000,0x00000000a17b27b0,0x00000000a2b00000)
 Metaspace       used 56626K, capacity 58904K, committed 58968K, reserved 1099776K
  class space    used 7730K, capacity 8281K, committed 8320K, reserved 1048576K
Event: 619.966 GC heap after
Heap after GC invocations=13 (full 2):
 PSYoungGen      total 211968K, used 11764K [0x00000000e0000000, 0x00000000ede00000, 0x0000000100000000)
  eden space 200192K, 0% used [0x00000000e0000000,0x00000000e0000000,0x00000000ec380000)
  from space 11776K, 99% used [0x00000000ec700000,0x00000000ed27d130,0x00000000ed280000)
  to   space 8704K, 0% used [0x00000000ed580000,0x00000000ed580000,0x00000000ede00000)
 ParOldGen       total 44032K, used 36106K [0x00000000a0000000, 0x00000000a2b00000, 0x00000000e0000000)
  object space 44032K, 82% used [0x00000000a0000000,0x00000000a2342b48,0x00000000a2b00000)
 Metaspace       used 56626K, capacity 58904K, committed 58968K, reserved 1099776K
  class space    used 7730K, capacity 8281K, committed 8320K, reserved 1048576K
}
Event: 619.967 GC heap before
{Heap before GC invocations=14 (full 3):
 PSYoungGen      total 211968K, used 11764K [0x00000000e0000000, 0x00000000ede00000, 0x0000000100000000)
  eden space 200192K, 0% used [0x00000000e0000000,0x00000000e0000000,0x00000000ec380000)
  from space 11776K, 99% used [0x00000000ec700000,0x00000000ed27d130,0x00000000ed280000)
  to   space 8704K, 0% used [0x00000000ed580000,0x00000000ed580000,0x00000000ede00000)
 ParOldGen       total 44032K, used 36106K [0x00000000a0000000, 0x00000000a2b00000, 0x00000000e0000000)
  object space 44032K, 82% used [0x00000000a0000000,0x00000000a2342b48,0x00000000a2b00000)
 Metaspace       used 56626K, capacity 58904K, committed 58968K, reserved 1099776K
  class space    used 7730K, capacity 8281K, committed 8320K, reserved 1048576K
Event: 621.238 GC heap after
Heap after GC invocations=14 (full 3):
 PSYoungGen      total 211968K, used 0K [0x00000000e0000000, 0x00000000ede00000, 0x0000000100000000)
  eden space 200192K, 0% used [0x00000000e0000000,0x00000000e0000000,0x00000000ec380000)
  from space 11776K, 0% used [0x00000000ec700000,0x00000000ec700000,0x00000000ed280000)
  to   space 8704K, 0% used [0x00000000ed580000,0x00000000ed580000,0x00000000ede00000)
 ParOldGen       total 44032K, used 35878K [0x00000000a0000000, 0x00000000a2b00000, 0x00000000e0000000)
  object space 44032K, 81% used [0x00000000a0000000,0x00000000a2309b78,0x00000000a2b00000)
 Metaspace       used 56626K, capacity 58904K, committed 58968K, reserved 1099776K
  class space    used 7730K, capacity 8281K, committed 8320K, reserved 1048576K
}
Event: 663.707 GC heap before
{Heap before GC invocations=15 (full 4):
 PSYoungGen      total 211968K, used 200192K [0x00000000e0000000, 0x00000000ede00000, 0x0000000100000000)
  eden space 200192K, 100% used [0x00000000e0000000,0x00000000ec380000,0x00000000ec380000)
  from space 11776K, 0% used [0x00000000ec700000,0x00000000ec700000,0x00000000ed280000)
  to   space 8704K, 0% used [0x00000000ed580000,0x00000000ed580000,0x00000000ede00000)
 ParOldGen       total 44032K, used 35878K [0x00000000a0000000, 0x00000000a2b00000, 0x00000000e0000000)
  object space 44032K, 81% used [0x00000000a0000000,0x00000000a2309b78,0x00000000a2b00000)
 Metaspace       used 64251K, capacity 67140K, committed 67288K, reserved 1107968K
  class space    used 8813K, capacity 9391K, committed 9472K, reserved 1048576K
Event: 664.861 GC heap after
Heap after GC invocations=15 (full 4):
 PSYoungGen      total 211968K, used 598K [0x00000000e0000000, 0x00000000ede00000, 0x0000000100000000)
  eden space 200192K, 0% used [0x00000000e0000000,0x00000000e0095b48,0x00000000ec380000)
  from space 11776K, 0% used [0x00000000ec700000,0x00000000ec700000,0x00000000ed280000)
  to   space 8704K, 0% used [0x00000000ed580000,0x00000000ed580000,0x00000000ede00000)
 ParOldGen       total 44032K, used 43996K [0x00000000a0000000, 0x00000000a2b00000, 0x00000000e0000000)
  object space 44032K, 99% used [0x00000000a0000000,0x00000000a2af7110,0x00000000a2b00000)
 Metaspace       used 64251K, capacity 67140K, committed 67288K, reserved 1107968K
  class space    used 8813K, capacity 9391K, committed 9472K, reserved 1048576K
}

