# JRE version: OpenJDK Runtime Environment (8.0_202-b03) (build 1.8.0_202-release-1483-b03)
# Java VM: OpenJDK 64-Bit Server VM (25.202-b03 mixed mode windows-amd64 compressed oops)
Heap:
 PSYoungGen      total 345600K, used 54993K [0x00000000e0000000, 0x00000000f6f80000, 0x0000000100000000)
  eden space 324608K, 12% used [0x00000000e0000000,0x00000000e279b7c0,0x00000000f3d00000)
  from space 20992K, 68% used [0x00000000f5580000,0x00000000f6398da0,0x00000000f6a00000)
  to   space 25088K, 0% used [0x00000000f3d00000,0x00000000f3d00000,0x00000000f5580000)
 ParOldGen       total 74240K, used 46441K [0x00000000a0000000, 0x00000000a4880000, 0x00000000e0000000)
  object space 74240K, 62% used [0x00000000a0000000,0x00000000a2d5a738,0x00000000a4880000)
 Metaspace       used 93340K, capacity 98362K, committed 98496K, reserved 1134592K
  class space    used 11892K, capacity 12779K, committed 12800K, reserved 1048576K
GC Heap History (10 events):
Event: 4013.777 GC heap before
{Heap before GC invocations=19 (full 3):
 PSYoungGen      total 271872K, used 263968K [0x00000000e0000000, 0x00000000f4880000, 0x0000000100000000)
  eden space 251392K, 100% used [0x00000000e0000000,0x00000000ef580000,0x00000000ef580000)
  from space 20480K, 61% used [0x00000000ef580000,0x00000000f01c8170,0x00000000f0980000)
  to   space 20992K, 0% used [0x00000000f3400000,0x00000000f3400000,0x00000000f4880000)
 ParOldGen       total 74240K, used 39400K [0x00000000a0000000, 0x00000000a4880000, 0x00000000e0000000)
  object space 74240K, 53% used [0x00000000a0000000,0x00000000a267a220,0x00000000a4880000)
 Metaspace       used 75516K, capacity 79544K, committed 79744K, reserved 1118208K
  class space    used 9758K, capacity 10528K, committed 10624K, reserved 1048576K
Event: 4013.849 GC heap after
Heap after GC invocations=19 (full 3):
 PSYoungGen      total 315904K, used 10114K [0x00000000e0000000, 0x00000000f5080000, 0x0000000100000000)
  eden space 294912K, 0% used [0x00000000e0000000,0x00000000e0000000,0x00000000f2000000)
  from space 20992K, 48% used [0x00000000f3400000,0x00000000f3de0b48,0x00000000f4880000)
  to   space 20480K, 0% used [0x00000000f2000000,0x00000000f2000000,0x00000000f3400000)
 ParOldGen       total 74240K, used 39408K [0x00000000a0000000, 0x00000000a4880000, 0x00000000e0000000)
  object space 74240K, 53% used [0x00000000a0000000,0x00000000a267c220,0x00000000a4880000)
 Metaspace       used 75516K, capacity 79544K, committed 79744K, reserved 1118208K
  class space    used 9758K, capacity 10528K, committed 10624K, reserved 1048576K
}
Event: 4273.321 GC heap before
{Heap before GC invocations=20 (full 3):
 PSYoungGen      total 315904K, used 305026K [0x00000000e0000000, 0x00000000f5080000, 0x0000000100000000)
  eden space 294912K, 100% used [0x00000000e0000000,0x00000000f2000000,0x00000000f2000000)
  from space 20992K, 48% used [0x00000000f3400000,0x00000000f3de0b48,0x00000000f4880000)
  to   space 20480K, 0% used [0x00000000f2000000,0x00000000f2000000,0x00000000f3400000)
 ParOldGen       total 74240K, used 39408K [0x00000000a0000000, 0x00000000a4880000, 0x00000000e0000000)
  object space 74240K, 53% used [0x00000000a0000000,0x00000000a267c220,0x00000000a4880000)
 Metaspace       used 77839K, capacity 82054K, committed 82304K, reserved 1120256K
  class space    used 9983K, capacity 10773K, committed 10880K, reserved 1048576K
Event: 4273.547 GC heap after
Heap after GC invocations=20 (full 3):
 PSYoungGen      total 315392K, used 13854K [0x00000000e0000000, 0x00000000f6a00000, 0x0000000100000000)
  eden space 294912K, 0% used [0x00000000e0000000,0x00000000e0000000,0x00000000f2000000)
  from space 20480K, 67% used [0x00000000f2000000,0x00000000f2d87948,0x00000000f3400000)
  to   space 20992K, 0% used [0x00000000f5580000,0x00000000f5580000,0x00000000f6a00000)
 ParOldGen       total 74240K, used 39416K [0x00000000a0000000, 0x00000000a4880000, 0x00000000e0000000)
  object space 74240K, 53% used [0x00000000a0000000,0x00000000a267e220,0x00000000a4880000)
 Metaspace       used 77839K, capacity 82054K, committed 82304K, reserved 1120256K
  class space    used 9983K, capacity 10773K, committed 10880K, reserved 1048576K
}
Event: 4303.594 GC heap before
{Heap before GC invocations=21 (full 3):
 PSYoungGen      total 315392K, used 308766K [0x00000000e0000000, 0x00000000f6a00000, 0x0000000100000000)
  eden space 294912K, 100% used [0x00000000e0000000,0x00000000f2000000,0x00000000f2000000)
  from space 20480K, 67% used [0x00000000f2000000,0x00000000f2d87948,0x00000000f3400000)
  to   space 20992K, 0% used [0x00000000f5580000,0x00000000f5580000,0x00000000f6a00000)
 ParOldGen       total 74240K, used 39416K [0x00000000a0000000, 0x00000000a4880000, 0x00000000e0000000)
  object space 74240K, 53% used [0x00000000a0000000,0x00000000a267e220,0x00000000a4880000)
 Metaspace       used 85510K, capacity 89996K, committed 90112K, reserved 1128448K
  class space    used 10914K, capacity 11730K, committed 11776K, reserved 1048576K
Event: 4303.841 GC heap after
Heap after GC invocations=21 (full 3):
 PSYoungGen      total 345600K, used 20981K [0x00000000e0000000, 0x00000000f6f80000, 0x0000000100000000)
  eden space 324608K, 0% used [0x00000000e0000000,0x00000000e0000000,0x00000000f3d00000)
  from space 20992K, 99% used [0x00000000f5580000,0x00000000f69fd5d8,0x00000000f6a00000)
  to   space 25088K, 0% used [0x00000000f3d00000,0x00000000f3d00000,0x00000000f5580000)
 ParOldGen       total 74240K, used 40790K [0x00000000a0000000, 0x00000000a4880000, 0x00000000e0000000)
  object space 74240K, 54% used [0x00000000a0000000,0x00000000a27d5900,0x00000000a4880000)
 Metaspace       used 85510K, capacity 89996K, committed 90112K, reserved 1128448K
  class space    used 10914K, capacity 11730K, committed 11776K, reserved 1048576K
}
Event: 4317.779 GC heap before
{Heap before GC invocations=22 (full 3):
 PSYoungGen      total 345600K, used 345589K [0x00000000e0000000, 0x00000000f6f80000, 0x0000000100000000)
  eden space 324608K, 100% used [0x00000000e0000000,0x00000000f3d00000,0x00000000f3d00000)
  from space 20992K, 99% used [0x00000000f5580000,0x00000000f69fd5d8,0x00000000f6a00000)
  to   space 25088K, 0% used [0x00000000f3d00000,0x00000000f3d00000,0x00000000f5580000)
 ParOldGen       total 74240K, used 40790K [0x00000000a0000000, 0x00000000a4880000, 0x00000000e0000000)
  object space 74240K, 54% used [0x00000000a0000000,0x00000000a27d5900,0x00000000a4880000)
 Metaspace       used 92496K, capacity 97488K, committed 97792K, reserved 1134592K
  class space    used 11850K, capacity 12734K, committed 12800K, reserved 1048576K
Event: 4318.263 GC heap after
Heap after GC invocations=22 (full 3):
 PSYoungGen      total 349696K, used 16170K [0x00000000e0000000, 0x00000000f6f80000, 0x0000000100000000)
  eden space 324608K, 0% used [0x00000000e0000000,0x00000000e0000000,0x00000000f3d00000)
  from space 25088K, 64% used [0x00000000f3d00000,0x00000000f4ccab30,0x00000000f5580000)
  to   space 20992K, 0% used [0x00000000f5580000,0x00000000f5580000,0x00000000f6a00000)
 ParOldGen       total 74240K, used 46425K [0x00000000a0000000, 0x00000000a4880000, 0x00000000e0000000)
  object space 74240K, 62% used [0x00000000a0000000,0x00000000a2d56738,0x00000000a4880000)
 Metaspace       used 92496K, capacity 97488K, committed 97792K, reserved 1134592K
  class space    used 11850K, capacity 12734K, committed 12800K, reserved 1048576K
}
Event: 4325.257 GC heap before
{Heap before GC invocations=23 (full 3):
 PSYoungGen      total 349696K, used 340778K [0x00000000e0000000, 0x00000000f6f80000, 0x0000000100000000)
  eden space 324608K, 100% used [0x00000000e0000000,0x00000000f3d00000,0x00000000f3d00000)
  from space 25088K, 64% used [0x00000000f3d00000,0x00000000f4ccab30,0x00000000f5580000)
  to   space 20992K, 0% used [0x00000000f5580000,0x00000000f5580000,0x00000000f6a00000)
 ParOldGen       total 74240K, used 46425K [0x00000000a0000000, 0x00000000a4880000, 0x00000000e0000000)
  object space 74240K, 62% used [0x00000000a0000000,0x00000000a2d56738,0x00000000a4880000)
 Metaspace       used 93273K, capacity 98288K, committed 98496K, reserved 1134592K
  class space    used 11891K, capacity 12778K, committed 12800K, reserved 1048576K
Event: 4325.348 GC heap after
Heap after GC invocations=23 (full 3):
 PSYoungGen      total 345600K, used 14435K [0x00000000e0000000, 0x00000000f6f80000, 0x0000000100000000)
  eden space 324608K, 0% used [0x00000000e0000000,0x00000000e0000000,0x00000000f3d00000)
  from space 20992K, 68% used [0x00000000f5580000,0x00000000f6398da0,0x00000000f6a00000)
  to   space 25088K, 0% used [0x00000000f3d00000,0x00000000f3d00000,0x00000000f5580000)
 ParOldGen       total 74240K, used 46441K [0x00000000a0000000, 0x00000000a4880000, 0x00000000e0000000)
  object space 74240K, 62% used [0x00000000a0000000,0x00000000a2d5a738,0x00000000a4880000)
 Metaspace       used 93273K, capacity 98288K, committed 98496K, reserved 1134592K
  class space    used 11891K, capacity 12778K, committed 12800K, reserved 1048576K
}

