# JRE version: OpenJDK Runtime Environment (8.0_242-b01) (build 1.8.0_242-release-1644-b01)
# Java VM: OpenJDK 64-Bit Server VM (25.242-b01 mixed mode windows-amd64 compressed oops)
Heap:
 PSYoungGen      total 145920K, used 21373K [0x00000000e0000000, 0x00000000ebd00000, 0x0000000100000000)
  eden space 130560K, 16% used [0x00000000e0000000,0x00000000e14df658,0x00000000e7f80000)
  from space 15360K, 0% used [0x00000000e7f80000,0x00000000e7f80000,0x00000000e8e80000)
  to   space 15360K, 0% used [0x00000000eae00000,0x00000000eae00000,0x00000000ebd00000)
 ParOldGen       total 87040K, used 33245K [0x00000000a0000000, 0x00000000a5500000, 0x00000000e0000000)
  object space 87040K, 38% used [0x00000000a0000000,0x00000000a2077740,0x00000000a5500000)
 Metaspace       used 58297K, capacity 60694K, committed 60840K, reserved 1101824K
  class space    used 8039K, capacity 8582K, committed 8624K, reserved 1048576K
GC Heap History (10 events):
Event: 33.127 GC heap before
{Heap before GC invocations=14 (full 2):
 PSYoungGen      total 119808K, used 6119K [0x00000000e0000000, 0x00000000e7f00000, 0x0000000100000000)
  eden space 110592K, 0% used [0x00000000e0000000,0x00000000e0000000,0x00000000e6c00000)
  from space 9216K, 66% used [0x00000000e7580000,0x00000000e7b79f58,0x00000000e7e80000)
  to   space 9728K, 0% used [0x00000000e6c00000,0x00000000e6c00000,0x00000000e7580000)
 ParOldGen       total 30720K, used 15421K [0x00000000a0000000, 0x00000000a1e00000, 0x00000000e0000000)
  object space 30720K, 50% used [0x00000000a0000000,0x00000000a0f0f778,0x00000000a1e00000)
 Metaspace       used 34325K, capacity 35444K, committed 35496K, reserved 1079296K
  class space    used 4716K, capacity 5033K, committed 5040K, reserved 1048576K
Event: 33.344 GC heap after
Heap after GC invocations=14 (full 2):
 PSYoungGen      total 119808K, used 0K [0x00000000e0000000, 0x00000000e7f00000, 0x0000000100000000)
  eden space 110592K, 0% used [0x00000000e0000000,0x00000000e0000000,0x00000000e6c00000)
  from space 9216K, 0% used [0x00000000e7580000,0x00000000e7580000,0x00000000e7e80000)
  to   space 9728K, 0% used [0x00000000e6c00000,0x00000000e6c00000,0x00000000e7580000)
 ParOldGen       total 53248K, used 17200K [0x00000000a0000000, 0x00000000a3400000, 0x00000000e0000000)
  object space 53248K, 32% used [0x00000000a0000000,0x00000000a10cc2b8,0x00000000a3400000)
 Metaspace       used 34325K, capacity 35444K, committed 35496K, reserved 1079296K
  class space    used 4716K, capacity 5033K, committed 5040K, reserved 1048576K
}
Event: 43.164 GC heap before
{Heap before GC invocations=15 (full 2):
 PSYoungGen      total 119808K, used 110592K [0x00000000e0000000, 0x00000000e7f00000, 0x0000000100000000)
  eden space 110592K, 100% used [0x00000000e0000000,0x00000000e6c00000,0x00000000e6c00000)
  from space 9216K, 0% used [0x00000000e7580000,0x00000000e7580000,0x00000000e7e80000)
  to   space 9728K, 0% used [0x00000000e6c00000,0x00000000e6c00000,0x00000000e7580000)
 ParOldGen       total 53248K, used 17200K [0x00000000a0000000, 0x00000000a3400000, 0x00000000e0000000)
  object space 53248K, 32% used [0x00000000a0000000,0x00000000a10cc2b8,0x00000000a3400000)
 Metaspace       used 39688K, capacity 41482K, committed 41768K, reserved 1085440K
  class space    used 5454K, capacity 5890K, committed 5936K, reserved 1048576K
Event: 43.195 GC heap after
Heap after GC invocations=15 (full 2):
 PSYoungGen      total 120320K, used 9304K [0x00000000e0000000, 0x00000000e9900000, 0x0000000100000000)
  eden space 110592K, 0% used [0x00000000e0000000,0x00000000e0000000,0x00000000e6c00000)
  from space 9728K, 95% used [0x00000000e6c00000,0x00000000e7516190,0x00000000e7580000)
  to   space 10752K, 0% used [0x00000000e8e80000,0x00000000e8e80000,0x00000000e9900000)
 ParOldGen       total 53248K, used 17208K [0x00000000a0000000, 0x00000000a3400000, 0x00000000e0000000)
  object space 53248K, 32% used [0x00000000a0000000,0x00000000a10ce2b8,0x00000000a3400000)
 Metaspace       used 39688K, capacity 41482K, committed 41768K, reserved 1085440K
  class space    used 5454K, capacity 5890K, committed 5936K, reserved 1048576K
}
Event: 52.685 GC heap before
{Heap before GC invocations=16 (full 2):
 PSYoungGen      total 120320K, used 119896K [0x00000000e0000000, 0x00000000e9900000, 0x0000000100000000)
  eden space 110592K, 100% used [0x00000000e0000000,0x00000000e6c00000,0x00000000e6c00000)
  from space 9728K, 95% used [0x00000000e6c00000,0x00000000e7516190,0x00000000e7580000)
  to   space 10752K, 0% used [0x00000000e8e80000,0x00000000e8e80000,0x00000000e9900000)
 ParOldGen       total 53248K, used 17208K [0x00000000a0000000, 0x00000000a3400000, 0x00000000e0000000)
  object space 53248K, 32% used [0x00000000a0000000,0x00000000a10ce2b8,0x00000000a3400000)
 Metaspace       used 50720K, capacity 52770K, committed 53160K, reserved 1095680K
  class space    used 6771K, capacity 7249K, committed 7344K, reserved 1048576K
Event: 52.783 GC heap after
Heap after GC invocations=16 (full 2):
 PSYoungGen      total 141312K, used 10748K [0x00000000e0000000, 0x00000000ea300000, 0x0000000100000000)
  eden space 130560K, 0% used [0x00000000e0000000,0x00000000e0000000,0x00000000e7f80000)
  from space 10752K, 99% used [0x00000000e8e80000,0x00000000e98ff320,0x00000000e9900000)
  to   space 15360K, 0% used [0x00000000e7f80000,0x00000000e7f80000,0x00000000e8e80000)
 ParOldGen       total 53248K, used 25488K [0x00000000a0000000, 0x00000000a3400000, 0x00000000e0000000)
  object space 53248K, 47% used [0x00000000a0000000,0x00000000a18e41c0,0x00000000a3400000)
 Metaspace       used 50720K, capacity 52770K, committed 53160K, reserved 1095680K
  class space    used 6771K, capacity 7249K, committed 7344K, reserved 1048576K
}
Event: 59.880 GC heap before
{Heap before GC invocations=17 (full 2):
 PSYoungGen      total 141312K, used 86941K [0x00000000e0000000, 0x00000000ea300000, 0x0000000100000000)
  eden space 130560K, 58% used [0x00000000e0000000,0x00000000e4a681c8,0x00000000e7f80000)
  from space 10752K, 99% used [0x00000000e8e80000,0x00000000e98ff320,0x00000000e9900000)
  to   space 15360K, 0% used [0x00000000e7f80000,0x00000000e7f80000,0x00000000e8e80000)
 ParOldGen       total 53248K, used 25488K [0x00000000a0000000, 0x00000000a3400000, 0x00000000e0000000)
  object space 53248K, 47% used [0x00000000a0000000,0x00000000a18e41c0,0x00000000a3400000)
 Metaspace       used 56723K, capacity 59048K, committed 59160K, reserved 1099776K
  class space    used 7744K, capacity 8281K, committed 8368K, reserved 1048576K
Event: 59.968 GC heap after
Heap after GC invocations=17 (full 2):
 PSYoungGen      total 145920K, used 8780K [0x00000000e0000000, 0x00000000ebd00000, 0x0000000100000000)
  eden space 130560K, 0% used [0x00000000e0000000,0x00000000e0000000,0x00000000e7f80000)
  from space 15360K, 57% used [0x00000000e7f80000,0x00000000e88133b8,0x00000000e8e80000)
  to   space 15360K, 0% used [0x00000000eae00000,0x00000000eae00000,0x00000000ebd00000)
 ParOldGen       total 53248K, used 36168K [0x00000000a0000000, 0x00000000a3400000, 0x00000000e0000000)
  object space 53248K, 67% used [0x00000000a0000000,0x00000000a2352090,0x00000000a3400000)
 Metaspace       used 56723K, capacity 59048K, committed 59160K, reserved 1099776K
  class space    used 7744K, capacity 8281K, committed 8368K, reserved 1048576K
}
Event: 59.968 GC heap before
{Heap before GC invocations=18 (full 3):
 PSYoungGen      total 145920K, used 8780K [0x00000000e0000000, 0x00000000ebd00000, 0x0000000100000000)
  eden space 130560K, 0% used [0x00000000e0000000,0x00000000e0000000,0x00000000e7f80000)
  from space 15360K, 57% used [0x00000000e7f80000,0x00000000e88133b8,0x00000000e8e80000)
  to   space 15360K, 0% used [0x00000000eae00000,0x00000000eae00000,0x00000000ebd00000)
 ParOldGen       total 53248K, used 36168K [0x00000000a0000000, 0x00000000a3400000, 0x00000000e0000000)
  object space 53248K, 67% used [0x00000000a0000000,0x00000000a2352090,0x00000000a3400000)
 Metaspace       used 56723K, capacity 59048K, committed 59160K, reserved 1099776K
  class space    used 7744K, capacity 8281K, committed 8368K, reserved 1048576K
Event: 60.734 GC heap after
Heap after GC invocations=18 (full 3):
 PSYoungGen      total 145920K, used 0K [0x00000000e0000000, 0x00000000ebd00000, 0x0000000100000000)
  eden space 130560K, 0% used [0x00000000e0000000,0x00000000e0000000,0x00000000e7f80000)
  from space 15360K, 0% used [0x00000000e7f80000,0x00000000e7f80000,0x00000000e8e80000)
  to   space 15360K, 0% used [0x00000000eae00000,0x00000000eae00000,0x00000000ebd00000)
 ParOldGen       total 87040K, used 33245K [0x00000000a0000000, 0x00000000a5500000, 0x00000000e0000000)
  object space 87040K, 38% used [0x00000000a0000000,0x00000000a2077740,0x00000000a5500000)
 Metaspace       used 56723K, capacity 59048K, committed 59160K, reserved 1099776K
  class space    used 7744K, capacity 8281K, committed 8368K, reserved 1048576K
}

