# JRE version: OpenJDK Runtime Environment (8.0_242-b01) (build 1.8.0_242-release-1644-b01)
# Java VM: OpenJDK 64-Bit Server VM (25.242-b01 mixed mode windows-amd64 compressed oops)
Heap:
 PSYoungGen      total 194048K, used 9696K [0x00000000e0000000, 0x00000000f1100000, 0x0000000100000000)
  eden space 177152K, 5% used [0x00000000e0000000,0x00000000e0978118,0x00000000ead00000)
  from space 16896K, 0% used [0x00000000ead00000,0x00000000ead00000,0x00000000ebd80000)
  to   space 16384K, 0% used [0x00000000f0100000,0x00000000f0100000,0x00000000f1100000)
 ParOldGen       total 40960K, used 31175K [0x00000000a0000000, 0x00000000a2800000, 0x00000000e0000000)
  object space 40960K, 76% used [0x00000000a0000000,0x00000000a1e71d00,0x00000000a2800000)
 Metaspace       used 57264K, capacity 59626K, committed 59904K, reserved 1101824K
  class space    used 7832K, capacity 8346K, committed 8448K, reserved 1048576K
GC Heap History (10 events):
Event: 384.916 GC heap before
{Heap before GC invocations=14 (full 2):
 PSYoungGen      total 139264K, used 5876K [0x00000000e0000000, 0x00000000e9380000, 0x0000000100000000)
  eden space 130048K, 0% used [0x00000000e0000000,0x00000000e0000000,0x00000000e7f00000)
  from space 9216K, 63% used [0x00000000e8800000,0x00000000e8dbd140,0x00000000e9100000)
  to   space 9216K, 0% used [0x00000000e7f00000,0x00000000e7f00000,0x00000000e8800000)
 ParOldGen       total 25600K, used 15003K [0x00000000a0000000, 0x00000000a1900000, 0x00000000e0000000)
  object space 25600K, 58% used [0x00000000a0000000,0x00000000a0ea6e68,0x00000000a1900000)
 Metaspace       used 34116K, capacity 35284K, committed 35416K, reserved 1079296K
  class space    used 4680K, capacity 5001K, committed 5120K, reserved 1048576K
Event: 385.791 GC heap after
Heap after GC invocations=14 (full 2):
 PSYoungGen      total 139264K, used 0K [0x00000000e0000000, 0x00000000e9380000, 0x0000000100000000)
  eden space 130048K, 0% used [0x00000000e0000000,0x00000000e0000000,0x00000000e7f00000)
  from space 9216K, 0% used [0x00000000e8800000,0x00000000e8800000,0x00000000e9100000)
  to   space 9216K, 0% used [0x00000000e7f00000,0x00000000e7f00000,0x00000000e8800000)
 ParOldGen       total 40960K, used 16601K [0x00000000a0000000, 0x00000000a2800000, 0x00000000e0000000)
  object space 40960K, 40% used [0x00000000a0000000,0x00000000a1036738,0x00000000a2800000)
 Metaspace       used 34116K, capacity 35284K, committed 35416K, reserved 1079296K
  class space    used 4680K, capacity 5001K, committed 5120K, reserved 1048576K
}
Event: 414.561 GC heap before
{Heap before GC invocations=15 (full 2):
 PSYoungGen      total 139264K, used 130048K [0x00000000e0000000, 0x00000000e9380000, 0x0000000100000000)
  eden space 130048K, 100% used [0x00000000e0000000,0x00000000e7f00000,0x00000000e7f00000)
  from space 9216K, 0% used [0x00000000e8800000,0x00000000e8800000,0x00000000e9100000)
  to   space 9216K, 0% used [0x00000000e7f00000,0x00000000e7f00000,0x00000000e8800000)
 ParOldGen       total 40960K, used 16601K [0x00000000a0000000, 0x00000000a2800000, 0x00000000e0000000)
  object space 40960K, 40% used [0x00000000a0000000,0x00000000a1036738,0x00000000a2800000)
 Metaspace       used 41159K, capacity 42858K, committed 43008K, reserved 1085440K
  class space    used 5611K, capacity 6050K, committed 6144K, reserved 1048576K
Event: 414.638 GC heap after
Heap after GC invocations=15 (full 2):
 PSYoungGen      total 139264K, used 9202K [0x00000000e0000000, 0x00000000ec880000, 0x0000000100000000)
  eden space 130048K, 0% used [0x00000000e0000000,0x00000000e0000000,0x00000000e7f00000)
  from space 9216K, 99% used [0x00000000e7f00000,0x00000000e87fc8a0,0x00000000e8800000)
  to   space 11264K, 0% used [0x00000000ebd80000,0x00000000ebd80000,0x00000000ec880000)
 ParOldGen       total 40960K, used 18394K [0x00000000a0000000, 0x00000000a2800000, 0x00000000e0000000)
  object space 40960K, 44% used [0x00000000a0000000,0x00000000a11f6a78,0x00000000a2800000)
 Metaspace       used 41159K, capacity 42858K, committed 43008K, reserved 1085440K
  class space    used 5611K, capacity 6050K, committed 6144K, reserved 1048576K
}
Event: 433.500 GC heap before
{Heap before GC invocations=16 (full 2):
 PSYoungGen      total 139264K, used 139250K [0x00000000e0000000, 0x00000000ec880000, 0x0000000100000000)
  eden space 130048K, 100% used [0x00000000e0000000,0x00000000e7f00000,0x00000000e7f00000)
  from space 9216K, 99% used [0x00000000e7f00000,0x00000000e87fc8a0,0x00000000e8800000)
  to   space 11264K, 0% used [0x00000000ebd80000,0x00000000ebd80000,0x00000000ec880000)
 ParOldGen       total 40960K, used 18394K [0x00000000a0000000, 0x00000000a2800000, 0x00000000e0000000)
  object space 40960K, 44% used [0x00000000a0000000,0x00000000a11f6a78,0x00000000a2800000)
 Metaspace       used 52893K, capacity 55006K, committed 55296K, reserved 1097728K
  class space    used 7070K, capacity 7553K, committed 7680K, reserved 1048576K
Event: 433.723 GC heap after
Heap after GC invocations=16 (full 2):
 PSYoungGen      total 188416K, used 11251K [0x00000000e0000000, 0x00000000ed000000, 0x0000000100000000)
  eden space 177152K, 0% used [0x00000000e0000000,0x00000000e0000000,0x00000000ead00000)
  from space 11264K, 99% used [0x00000000ebd80000,0x00000000ec87cf10,0x00000000ec880000)
  to   space 16896K, 0% used [0x00000000ead00000,0x00000000ead00000,0x00000000ebd80000)
 ParOldGen       total 40960K, used 28694K [0x00000000a0000000, 0x00000000a2800000, 0x00000000e0000000)
  object space 40960K, 70% used [0x00000000a0000000,0x00000000a1c05a18,0x00000000a2800000)
 Metaspace       used 52893K, capacity 55006K, committed 55296K, reserved 1097728K
  class space    used 7070K, capacity 7553K, committed 7680K, reserved 1048576K
}
Event: 438.350 GC heap before
{Heap before GC invocations=17 (full 2):
 PSYoungGen      total 188416K, used 55055K [0x00000000e0000000, 0x00000000ed000000, 0x0000000100000000)
  eden space 177152K, 24% used [0x00000000e0000000,0x00000000e2ac7048,0x00000000ead00000)
  from space 11264K, 99% used [0x00000000ebd80000,0x00000000ec87cf10,0x00000000ec880000)
  to   space 16896K, 0% used [0x00000000ead00000,0x00000000ead00000,0x00000000ebd80000)
 ParOldGen       total 40960K, used 28694K [0x00000000a0000000, 0x00000000a2800000, 0x00000000e0000000)
  object space 40960K, 70% used [0x00000000a0000000,0x00000000a1c05a18,0x00000000a2800000)
 Metaspace       used 56566K, capacity 58876K, committed 59008K, reserved 1099776K
  class space    used 7700K, capacity 8247K, committed 8320K, reserved 1048576K
Event: 438.545 GC heap after
Heap after GC invocations=17 (full 2):
 PSYoungGen      total 194048K, used 4822K [0x00000000e0000000, 0x00000000f1100000, 0x0000000100000000)
  eden space 177152K, 0% used [0x00000000e0000000,0x00000000e0000000,0x00000000ead00000)
  from space 16896K, 28% used [0x00000000ead00000,0x00000000eb1b5808,0x00000000ebd80000)
  to   space 16384K, 0% used [0x00000000f0100000,0x00000000f0100000,0x00000000f1100000)
 ParOldGen       total 40960K, used 37928K [0x00000000a0000000, 0x00000000a2800000, 0x00000000e0000000)
  object space 40960K, 92% used [0x00000000a0000000,0x00000000a250a138,0x00000000a2800000)
 Metaspace       used 56566K, capacity 58876K, committed 59008K, reserved 1099776K
  class space    used 7700K, capacity 8247K, committed 8320K, reserved 1048576K
}
Event: 438.545 GC heap before
{Heap before GC invocations=18 (full 3):
 PSYoungGen      total 194048K, used 4822K [0x00000000e0000000, 0x00000000f1100000, 0x0000000100000000)
  eden space 177152K, 0% used [0x00000000e0000000,0x00000000e0000000,0x00000000ead00000)
  from space 16896K, 28% used [0x00000000ead00000,0x00000000eb1b5808,0x00000000ebd80000)
  to   space 16384K, 0% used [0x00000000f0100000,0x00000000f0100000,0x00000000f1100000)
 ParOldGen       total 40960K, used 37928K [0x00000000a0000000, 0x00000000a2800000, 0x00000000e0000000)
  object space 40960K, 92% used [0x00000000a0000000,0x00000000a250a138,0x00000000a2800000)
 Metaspace       used 56566K, capacity 58876K, committed 59008K, reserved 1099776K
  class space    used 7700K, capacity 8247K, committed 8320K, reserved 1048576K
Event: 440.953 GC heap after
Heap after GC invocations=18 (full 3):
 PSYoungGen      total 194048K, used 0K [0x00000000e0000000, 0x00000000f1100000, 0x0000000100000000)
  eden space 177152K, 0% used [0x00000000e0000000,0x00000000e0000000,0x00000000ead00000)
  from space 16896K, 0% used [0x00000000ead00000,0x00000000ead00000,0x00000000ebd80000)
  to   space 16384K, 0% used [0x00000000f0100000,0x00000000f0100000,0x00000000f1100000)
 ParOldGen       total 40960K, used 31175K [0x00000000a0000000, 0x00000000a2800000, 0x00000000e0000000)
  object space 40960K, 76% used [0x00000000a0000000,0x00000000a1e71d00,0x00000000a2800000)
 Metaspace       used 56566K, capacity 58876K, committed 59008K, reserved 1099776K
  class space    used 7700K, capacity 8247K, committed 8320K, reserved 1048576K
}

